{"meta": {"format": 3, "version": "7.11.3", "timestamp": "2025-12-12T16:46:58.052128", "branch_coverage": false, "show_contexts": false}, "files": {"src/ai_ticket_platform/__init__.py": {"executed_lines": [1, 4], "summary": {"covered_lines": 2, "num_statements": 2, "percent_covered": 100.0, "percent_covered_display": "100", "missing_lines": 0, "excluded_lines": 0}, "missing_lines": [], "excluded_lines": [], "functions": {"": {"executed_lines": [1, 4], "summary": {"covered_lines": 2, "num_statements": 2, "percent_covered": 100.0, "percent_covered_display": "100", "missing_lines": 0, "excluded_lines": 0}, "missing_lines": [], "excluded_lines": []}}, "classes": {"": {"executed_lines": [1, 4], "summary": {"covered_lines": 2, "num_statements": 2, "percent_covered": 100.0, "percent_covered_display": "100", "missing_lines": 0, "excluded_lines": 0}, "missing_lines": [], "excluded_lines": []}}}, "src/ai_ticket_platform/core/__init__.py": {"executed_lines": [0], "summary": {"covered_lines": 0, "num_statements": 0, "percent_covered": 100.0, "percent_covered_display": "100", "missing_lines": 0, "excluded_lines": 0}, "missing_lines": [], "excluded_lines": [], "functions": {"": {"executed_lines": [], "summary": {"covered_lines": 0, "num_statements": 0, "percent_covered": 100.0, "percent_covered_display": "100", "missing_lines": 0, "excluded_lines": 0}, "missing_lines": [], "excluded_lines": []}}, "classes": {"": {"executed_lines": [], "summary": {"covered_lines": 0, "num_statements": 0, "percent_covered": 100.0, "percent_covered_display": "100", "missing_lines": 0, "excluded_lines": 0}, "missing_lines": [], "excluded_lines": []}}}, "src/ai_ticket_platform/core/clients/__init__.py": {"executed_lines": [1, 7, 8, 9, 17, 18], "summary": {"covered_lines": 6, "num_statements": 6, "percent_covered": 100.0, "percent_covered_display": "100", "missing_lines": 0, "excluded_lines": 0}, "missing_lines": [], "excluded_lines": [], "functions": {"": {"executed_lines": [1, 7, 8, 9, 17, 18], "summary": {"covered_lines": 6, "num_statements": 6, "percent_covered": 100.0, "percent_covered_display": "100", "missing_lines": 0, "excluded_lines": 0}, "missing_lines": [], "excluded_lines": []}}, "classes": {"": {"executed_lines": [1, 7, 8, 9, 17, 18], "summary": {"covered_lines": 6, "num_statements": 6, "percent_covered": 100.0, "percent_covered_display": "100", "missing_lines": 0, "excluded_lines": 0}, "missing_lines": [], "excluded_lines": []}}}, "src/ai_ticket_platform/core/clients/aws.py": {"executed_lines": [1, 2, 3, 4, 5, 7, 9, 10, 13, 15, 16, 17, 18, 19, 22, 24, 25, 26, 27, 30], "summary": {"covered_lines": 20, "num_statements": 20, "percent_covered": 100.0, "percent_covered_display": "100", "missing_lines": 0, "excluded_lines": 0}, "missing_lines": [], "excluded_lines": [], "functions": {"initialize_aws_s3_client": {"executed_lines": [15, 16, 17, 18, 19], "summary": {"covered_lines": 5, "num_statements": 5, "percent_covered": 100.0, "percent_covered_display": "100", "missing_lines": 0, "excluded_lines": 0}, "missing_lines": [], "excluded_lines": []}, "initialize_aws_secrets_manager_client": {"executed_lines": [24, 25, 26, 27, 30], "summary": {"covered_lines": 5, "num_statements": 5, "percent_covered": 100.0, "percent_covered_display": "100", "missing_lines": 0, "excluded_lines": 0}, "missing_lines": [], "excluded_lines": []}, "": {"executed_lines": [1, 2, 3, 4, 5, 7, 9, 10, 13, 22], "summary": {"covered_lines": 10, "num_statements": 10, "percent_covered": 100.0, "percent_covered_display": "100", "missing_lines": 0, "excluded_lines": 0}, "missing_lines": [], "excluded_lines": []}}, "classes": {"": {"executed_lines": [1, 2, 3, 4, 5, 7, 9, 10, 13, 15, 16, 17, 18, 19, 22, 24, 25, 26, 27, 30], "summary": {"covered_lines": 20, "num_statements": 20, "percent_covered": 100.0, "percent_covered_display": "100", "missing_lines": 0, "excluded_lines": 0}, "missing_lines": [], "excluded_lines": []}}}, "src/ai_ticket_platform/core/clients/azure.py": {"executed_lines": [1, 2, 3, 5, 7, 10, 12, 13, 14, 15, 16, 18, 19, 24, 25, 28], "summary": {"covered_lines": 16, "num_statements": 16, "percent_covered": 100.0, "percent_covered_display": "100", "missing_lines": 0, "excluded_lines": 0}, "missing_lines": [], "excluded_lines": [], "functions": {"initialize_azure_blob_service_client": {"executed_lines": [12, 13, 14, 15, 16, 18, 19, 24, 25, 28], "summary": {"covered_lines": 10, "num_statements": 10, "percent_covered": 100.0, "percent_covered_display": "100", "missing_lines": 0, "excluded_lines": 0}, "missing_lines": [], "excluded_lines": []}, "": {"executed_lines": [1, 2, 3, 5, 7, 10], "summary": {"covered_lines": 6, "num_statements": 6, "percent_covered": 100.0, "percent_covered_display": "100", "missing_lines": 0, "excluded_lines": 0}, "missing_lines": [], "excluded_lines": []}}, "classes": {"": {"executed_lines": [1, 2, 3, 5, 7, 10, 12, 13, 14, 15, 16, 18, 19, 24, 25, 28], "summary": {"covered_lines": 16, "num_statements": 16, "percent_covered": 100.0, "percent_covered_display": "100", "missing_lines": 0, "excluded_lines": 0}, "missing_lines": [], "excluded_lines": []}}}, "src/ai_ticket_platform/core/clients/chroma_client.py": {"executed_lines": [1, 3, 4, 5, 6, 8, 9, 10, 11, 12, 14, 17, 18, 20, 55, 67, 145, 205, 206, 209, 226], "summary": {"covered_lines": 19, "num_statements": 79, "percent_covered": 24.050632911392405, "percent_covered_display": "24", "missing_lines": 60, "excluded_lines": 0}, "missing_lines": [27, 28, 29, 32, 39, 45, 51, 57, 58, 62, 63, 64, 65, 82, 84, 86, 89, 90, 92, 93, 94, 104, 105, 106, 107, 110, 111, 114, 121, 122, 126, 128, 135, 136, 137, 159, 163, 165, 172, 175, 183, 184, 185, 196, 197, 199, 200, 201, 220, 221, 222, 223, 237, 238, 240, 241, 243, 247, 248, 249], "excluded_lines": [], "functions": {"ChromaVectorStore.__init__": {"executed_lines": [], "summary": {"covered_lines": 0, "num_statements": 7, "percent_covered": 0.0, "percent_covered_display": "0", "missing_lines": 7, "excluded_lines": 0}, "missing_lines": [27, 28, 29, 32, 39, 45, 51], "excluded_lines": []}, "ChromaVectorStore.get_or_create_collection": {"executed_lines": [], "summary": {"covered_lines": 0, "num_statements": 6, "percent_covered": 0.0, "percent_covered_display": "0", "missing_lines": 6, "excluded_lines": 0}, "missing_lines": [57, 58, 62, 63, 64, 65], "excluded_lines": []}, "ChromaVectorStore.index_document": {"executed_lines": [], "summary": {"covered_lines": 0, "num_statements": 22, "percent_covered": 0.0, "percent_covered_display": "0", "missing_lines": 22, "excluded_lines": 0}, "missing_lines": [82, 84, 86, 89, 90, 92, 93, 94, 104, 105, 106, 107, 110, 111, 114, 121, 122, 126, 128, 135, 136, 137], "excluded_lines": []}, "ChromaVectorStore.similarity_search": {"executed_lines": [], "summary": {"covered_lines": 0, "num_statements": 13, "percent_covered": 0.0, "percent_covered_display": "0", "missing_lines": 13, "excluded_lines": 0}, "missing_lines": [159, 163, 165, 172, 175, 183, 184, 185, 196, 197, 199, 200, 201], "excluded_lines": []}, "initialize_chroma_vectorstore": {"executed_lines": [], "summary": {"covered_lines": 0, "num_statements": 4, "percent_covered": 0.0, "percent_covered_display": "0", "missing_lines": 4, "excluded_lines": 0}, "missing_lines": [220, 221, 222, 223], "excluded_lines": []}, "get_chroma_vectorstore": {"executed_lines": [], "summary": {"covered_lines": 0, "num_statements": 8, "percent_covered": 0.0, "percent_covered_display": "0", "missing_lines": 8, "excluded_lines": 0}, "missing_lines": [237, 238, 240, 241, 243, 247, 248, 249], "excluded_lines": []}, "": {"executed_lines": [1, 3, 4, 5, 6, 8, 9, 10, 11, 12, 14, 17, 18, 20, 55, 67, 145, 205, 206, 209, 226], "summary": {"covered_lines": 19, "num_statements": 19, "percent_covered": 100.0, "percent_covered_display": "100", "missing_lines": 0, "excluded_lines": 0}, "missing_lines": [], "excluded_lines": []}}, "classes": {"ChromaVectorStore": {"executed_lines": [], "summary": {"covered_lines": 0, "num_statements": 48, "percent_covered": 0.0, "percent_covered_display": "0", "missing_lines": 48, "excluded_lines": 0}, "missing_lines": [27, 28, 29, 32, 39, 45, 51, 57, 58, 62, 63, 64, 65, 82, 84, 86, 89, 90, 92, 93, 94, 104, 105, 106, 107, 110, 111, 114, 121, 122, 126, 128, 135, 136, 137, 159, 163, 165, 172, 175, 183, 184, 185, 196, 197, 199, 200, 201], "excluded_lines": []}, "": {"executed_lines": [1, 3, 4, 5, 6, 8, 9, 10, 11, 12, 14, 17, 18, 20, 55, 67, 145, 205, 206, 209, 226], "summary": {"covered_lines": 19, "num_statements": 31, "percent_covered": 61.29032258064516, "percent_covered_display": "61", "missing_lines": 12, "excluded_lines": 0}, "missing_lines": [220, 221, 222, 223, 237, 238, 240, 241, 243, 247, 248, 249], "excluded_lines": []}}}, "src/ai_ticket_platform/core/clients/firebase.py": {"executed_lines": [1, 2, 3, 4, 6, 9, 10, 11, 12, 13, 14, 15, 16, 18, 22, 24, 25, 26, 29, 30, 33, 34, 35, 36, 37], "summary": {"covered_lines": 25, "num_statements": 25, "percent_covered": 100.0, "percent_covered_display": "100", "missing_lines": 0, "excluded_lines": 0}, "missing_lines": [], "excluded_lines": [], "functions": {"initialize_firebase": {"executed_lines": [10, 11, 12, 13, 14, 15, 16, 18, 22, 24, 25, 26, 29, 30, 33, 34, 35, 36, 37], "summary": {"covered_lines": 19, "num_statements": 19, "percent_covered": 100.0, "percent_covered_display": "100", "missing_lines": 0, "excluded_lines": 0}, "missing_lines": [], "excluded_lines": []}, "": {"executed_lines": [1, 2, 3, 4, 6, 9], "summary": {"covered_lines": 6, "num_statements": 6, "percent_covered": 100.0, "percent_covered_display": "100", "missing_lines": 0, "excluded_lines": 0}, "missing_lines": [], "excluded_lines": []}}, "classes": {"": {"executed_lines": [1, 2, 3, 4, 6, 9, 10, 11, 12, 13, 14, 15, 16, 18, 22, 24, 25, 26, 29, 30, 33, 34, 35, 36, 37], "summary": {"covered_lines": 25, "num_statements": 25, "percent_covered": 100.0, "percent_covered_display": "100", "missing_lines": 0, "excluded_lines": 0}, "missing_lines": [], "excluded_lines": []}}}, "src/ai_ticket_platform/core/clients/llm.py": {"executed_lines": [1, 2, 3, 5, 6, 8, 10, 13, 14, 21, 22, 23, 27, 29, 30, 32, 53, 54, 56, 59, 61, 65, 66, 70, 71, 72, 80, 81, 82, 84, 85, 89, 91, 92, 95, 96, 97, 100, 110, 111, 112, 114, 115, 118, 131, 132, 134, 138, 139, 140], "summary": {"covered_lines": 50, "num_statements": 50, "percent_covered": 100.0, "percent_covered_display": "100", "missing_lines": 0, "excluded_lines": 0}, "missing_lines": [], "excluded_lines": [], "functions": {"LLMClient.__init__": {"executed_lines": [21, 22, 23, 27, 29, 30], "summary": {"covered_lines": 6, "num_statements": 6, "percent_covered": 100.0, "percent_covered_display": "100", "missing_lines": 0, "excluded_lines": 0}, "missing_lines": [], "excluded_lines": []}, "LLMClient.call_llm_structured": {"executed_lines": [53, 54, 56, 59, 61, 65, 66, 70, 71, 72, 80, 81, 82, 84, 85, 89, 91, 92, 95, 96, 97], "summary": {"covered_lines": 21, "num_statements": 21, "percent_covered": 100.0, "percent_covered_display": "100", "missing_lines": 0, "excluded_lines": 0}, "missing_lines": [], "excluded_lines": []}, "initialize_llm_client": {"executed_lines": [110, 111, 112, 114, 115], "summary": {"covered_lines": 5, "num_statements": 5, "percent_covered": 100.0, "percent_covered_display": "100", "missing_lines": 0, "excluded_lines": 0}, "missing_lines": [], "excluded_lines": []}, "get_llm_client": {"executed_lines": [131, 132, 134, 138, 139, 140], "summary": {"covered_lines": 6, "num_statements": 6, "percent_covered": 100.0, "percent_covered_display": "100", "missing_lines": 0, "excluded_lines": 0}, "missing_lines": [], "excluded_lines": []}, "": {"executed_lines": [1, 2, 3, 5, 6, 8, 10, 13, 14, 32, 100, 118], "summary": {"covered_lines": 12, "num_statements": 12, "percent_covered": 100.0, "percent_covered_display": "100", "missing_lines": 0, "excluded_lines": 0}, "missing_lines": [], "excluded_lines": []}}, "classes": {"LLMClient": {"executed_lines": [21, 22, 23, 27, 29, 30, 53, 54, 56, 59, 61, 65, 66, 70, 71, 72, 80, 81, 82, 84, 85, 89, 91, 92, 95, 96, 97], "summary": {"covered_lines": 27, "num_statements": 27, "percent_covered": 100.0, "percent_covered_display": "100", "missing_lines": 0, "excluded_lines": 0}, "missing_lines": [], "excluded_lines": []}, "": {"executed_lines": [1, 2, 3, 5, 6, 8, 10, 13, 14, 32, 100, 110, 111, 112, 114, 115, 118, 131, 132, 134, 138, 139, 140], "summary": {"covered_lines": 23, "num_statements": 23, "percent_covered": 100.0, "percent_covered_display": "100", "missing_lines": 0, "excluded_lines": 0}, "missing_lines": [], "excluded_lines": []}}}, "src/ai_ticket_platform/core/clients/redis.py": {"executed_lines": [1, 2, 3, 5, 7, 9, 12, 13, 14, 15, 17, 18, 19, 25, 26, 28, 29, 30, 31, 32, 33, 35, 36, 37, 38, 39, 41, 46, 52, 55, 57, 58, 59], "summary": {"covered_lines": 33, "num_statements": 33, "percent_covered": 100.0, "percent_covered_display": "100", "missing_lines": 0, "excluded_lines": 0}, "missing_lines": [], "excluded_lines": [], "functions": {"RedisClientConnector.__init__": {"executed_lines": [14, 15], "summary": {"covered_lines": 2, "num_statements": 2, "percent_covered": 100.0, "percent_covered_display": "100", "missing_lines": 0, "excluded_lines": 0}, "missing_lines": [], "excluded_lines": []}, "RedisClientConnector.connect": {"executed_lines": [18, 19, 25, 26], "summary": {"covered_lines": 4, "num_statements": 4, "percent_covered": 100.0, "percent_covered_display": "100", "missing_lines": 0, "excluded_lines": 0}, "missing_lines": [], "excluded_lines": []}, "RedisClientConnector.get_client": {"executed_lines": [29, 30, 31, 32, 33], "summary": {"covered_lines": 5, "num_statements": 5, "percent_covered": 100.0, "percent_covered_display": "100", "missing_lines": 0, "excluded_lines": 0}, "missing_lines": [], "excluded_lines": []}, "RedisClientConnector.close": {"executed_lines": [36, 37, 38, 39], "summary": {"covered_lines": 4, "num_statements": 4, "percent_covered": 100.0, "percent_covered_display": "100", "missing_lines": 0, "excluded_lines": 0}, "missing_lines": [], "excluded_lines": []}, "RedisClientConnector.get_sync_connection": {"executed_lines": [46], "summary": {"covered_lines": 1, "num_statements": 1, "percent_covered": 100.0, "percent_covered_display": "100", "missing_lines": 0, "excluded_lines": 0}, "missing_lines": [], "excluded_lines": []}, "initialize_redis_client": {"executed_lines": [57, 58, 59], "summary": {"covered_lines": 3, "num_statements": 3, "percent_covered": 100.0, "percent_covered_display": "100", "missing_lines": 0, "excluded_lines": 0}, "missing_lines": [], "excluded_lines": []}, "": {"executed_lines": [1, 2, 3, 5, 7, 9, 12, 13, 17, 28, 35, 41, 52, 55], "summary": {"covered_lines": 14, "num_statements": 14, "percent_covered": 100.0, "percent_covered_display": "100", "missing_lines": 0, "excluded_lines": 0}, "missing_lines": [], "excluded_lines": []}}, "classes": {"RedisClientConnector": {"executed_lines": [14, 15, 18, 19, 25, 26, 29, 30, 31, 32, 33, 36, 37, 38, 39, 46], "summary": {"covered_lines": 16, "num_statements": 16, "percent_covered": 100.0, "percent_covered_display": "100", "missing_lines": 0, "excluded_lines": 0}, "missing_lines": [], "excluded_lines": []}, "": {"executed_lines": [1, 2, 3, 5, 7, 9, 12, 13, 17, 28, 35, 41, 52, 55, 57, 58, 59], "summary": {"covered_lines": 17, "num_statements": 17, "percent_covered": 100.0, "percent_covered_display": "100", "missing_lines": 0, "excluded_lines": 0}, "missing_lines": [], "excluded_lines": []}}}, "src/ai_ticket_platform/core/clients/slack.py": {"executed_lines": [1, 2, 5, 6, 7, 9, 10, 11, 12, 15, 17, 22, 32, 33, 34, 35, 37, 38, 39, 41, 43, 57, 58, 59, 60, 62, 63, 64, 66, 68, 71, 104, 108, 110, 147], "summary": {"covered_lines": 35, "num_statements": 35, "percent_covered": 100.0, "percent_covered_display": "100", "missing_lines": 0, "excluded_lines": 0}, "missing_lines": [], "excluded_lines": [], "functions": {"Slack.__init__": {"executed_lines": [7, 9, 10, 11, 12, 15, 17], "summary": {"covered_lines": 7, "num_statements": 7, "percent_covered": 100.0, "percent_covered_display": "100", "missing_lines": 0, "excluded_lines": 0}, "missing_lines": [], "excluded_lines": []}, "Slack.send_channel_message": {"executed_lines": [32, 33, 34, 35, 37, 38, 39, 41], "summary": {"covered_lines": 8, "num_statements": 8, "percent_covered": 100.0, "percent_covered_display": "100", "missing_lines": 0, "excluded_lines": 0}, "missing_lines": [], "excluded_lines": []}, "Slack.send_channel_block_message": {"executed_lines": [57, 58, 59, 60, 62, 63, 64, 66], "summary": {"covered_lines": 8, "num_statements": 8, "percent_covered": 100.0, "percent_covered_display": "100", "missing_lines": 0, "excluded_lines": 0}, "missing_lines": [], "excluded_lines": []}, "Slack.send_confirmation_message": {"executed_lines": [71, 104], "summary": {"covered_lines": 2, "num_statements": 2, "percent_covered": 100.0, "percent_covered_display": "100", "missing_lines": 0, "excluded_lines": 0}, "missing_lines": [], "excluded_lines": []}, "Slack.send_new_article_proposal": {"executed_lines": [110, 147], "summary": {"covered_lines": 2, "num_statements": 2, "percent_covered": 100.0, "percent_covered_display": "100", "missing_lines": 0, "excluded_lines": 0}, "missing_lines": [], "excluded_lines": []}, "": {"executed_lines": [1, 2, 5, 6, 22, 43, 68, 108], "summary": {"covered_lines": 8, "num_statements": 8, "percent_covered": 100.0, "percent_covered_display": "100", "missing_lines": 0, "excluded_lines": 0}, "missing_lines": [], "excluded_lines": []}}, "classes": {"Slack": {"executed_lines": [7, 9, 10, 11, 12, 15, 17, 32, 33, 34, 35, 37, 38, 39, 41, 57, 58, 59, 60, 62, 63, 64, 66, 71, 104, 110, 147], "summary": {"covered_lines": 27, "num_statements": 27, "percent_covered": 100.0, "percent_covered_display": "100", "missing_lines": 0, "excluded_lines": 0}, "missing_lines": [], "excluded_lines": []}, "": {"executed_lines": [1, 2, 5, 6, 22, 43, 68, 108], "summary": {"covered_lines": 8, "num_statements": 8, "percent_covered": 100.0, "percent_covered_display": "100", "missing_lines": 0, "excluded_lines": 0}, "missing_lines": [], "excluded_lines": []}}}, "src/ai_ticket_platform/core/clients/utils/check_clients_connection.py": {"executed_lines": [1, 2, 3, 4, 6, 7, 8, 12, 20], "summary": {"covered_lines": 9, "num_statements": 18, "percent_covered": 50.0, "percent_covered_display": "50", "missing_lines": 9, "excluded_lines": 0}, "missing_lines": [13, 14, 15, 16, 21, 22, 23, 24, 25], "excluded_lines": [], "functions": {"test_redis_connection": {"executed_lines": [], "summary": {"covered_lines": 0, "num_statements": 4, "percent_covered": 0.0, "percent_covered_display": "0", "missing_lines": 4, "excluded_lines": 0}, "missing_lines": [13, 14, 15, 16], "excluded_lines": []}, "test_db_connection": {"executed_lines": [], "summary": {"covered_lines": 0, "num_statements": 5, "percent_covered": 0.0, "percent_covered_display": "0", "missing_lines": 5, "excluded_lines": 0}, "missing_lines": [21, 22, 23, 24, 25], "excluded_lines": []}, "": {"executed_lines": [1, 2, 3, 4, 6, 7, 8, 12, 20], "summary": {"covered_lines": 9, "num_statements": 9, "percent_covered": 100.0, "percent_covered_display": "100", "missing_lines": 0, "excluded_lines": 0}, "missing_lines": [], "excluded_lines": []}}, "classes": {"": {"executed_lines": [1, 2, 3, 4, 6, 7, 8, 12, 20], "summary": {"covered_lines": 9, "num_statements": 18, "percent_covered": 50.0, "percent_covered_display": "50", "missing_lines": 9, "excluded_lines": 0}, "missing_lines": [13, 14, 15, 16, 21, 22, 23, 24, 25], "excluded_lines": []}}}, "src/ai_ticket_platform/core/logger/__init__.py": {"executed_lines": [1], "summary": {"covered_lines": 1, "num_statements": 1, "percent_covered": 100.0, "percent_covered_display": "100", "missing_lines": 0, "excluded_lines": 0}, "missing_lines": [], "excluded_lines": [], "functions": {"": {"executed_lines": [1], "summary": {"covered_lines": 1, "num_statements": 1, "percent_covered": 100.0, "percent_covered_display": "100", "missing_lines": 0, "excluded_lines": 0}, "missing_lines": [], "excluded_lines": []}}, "classes": {"": {"executed_lines": [1], "summary": {"covered_lines": 1, "num_statements": 1, "percent_covered": 100.0, "percent_covered_display": "100", "missing_lines": 0, "excluded_lines": 0}, "missing_lines": [], "excluded_lines": []}}}, "src/ai_ticket_platform/core/logger/colorfulFormatter.py": {"executed_lines": [1, 3, 7, 9, 12, 13, 14, 15, 16, 17, 18, 19, 22, 23, 24, 25, 26, 27, 28, 29, 32, 33, 34, 35, 36, 37, 38, 39, 42, 43, 44, 45, 49, 50, 52, 60, 68, 70, 73, 76, 79, 80, 83, 84, 85, 86, 87, 90, 91, 92, 95, 96, 97, 100, 101, 102, 107, 110], "summary": {"covered_lines": 57, "num_statements": 61, "percent_covered": 93.44262295081967, "percent_covered_display": "93", "missing_lines": 4, "excluded_lines": 0}, "missing_lines": [103, 104, 105, 108], "excluded_lines": [], "functions": {"ColoredJSONFormatter.format": {"executed_lines": [70, 73, 76, 79, 80, 83, 84, 85, 86, 87, 90, 91, 92, 95, 96, 97, 100, 101, 102, 107, 110], "summary": {"covered_lines": 21, "num_statements": 25, "percent_covered": 84.0, "percent_covered_display": "84", "missing_lines": 4, "excluded_lines": 0}, "missing_lines": [103, 104, 105, 108], "excluded_lines": []}, "": {"executed_lines": [1, 3, 7, 9, 12, 13, 14, 15, 16, 17, 18, 19, 22, 23, 24, 25, 26, 27, 28, 29, 32, 33, 34, 35, 36, 37, 38, 39, 42, 43, 44, 45, 49, 50, 52, 60, 68], "summary": {"covered_lines": 36, "num_statements": 36, "percent_covered": 100.0, "percent_covered_display": "100", "missing_lines": 0, "excluded_lines": 0}, "missing_lines": [], "excluded_lines": []}}, "classes": {"Colors": {"executed_lines": [], "summary": {"covered_lines": 0, "num_statements": 0, "percent_covered": 100.0, "percent_covered_display": "100", "missing_lines": 0, "excluded_lines": 0}, "missing_lines": [], "excluded_lines": []}, "ColoredJSONFormatter": {"executed_lines": [70, 73, 76, 79, 80, 83, 84, 85, 86, 87, 90, 91, 92, 95, 96, 97, 100, 101, 102, 107, 110], "summary": {"covered_lines": 21, "num_statements": 25, "percent_covered": 84.0, "percent_covered_display": "84", "missing_lines": 4, "excluded_lines": 0}, "missing_lines": [103, 104, 105, 108], "excluded_lines": []}, "": {"executed_lines": [1, 3, 7, 9, 12, 13, 14, 15, 16, 17, 18, 19, 22, 23, 24, 25, 26, 27, 28, 29, 32, 33, 34, 35, 36, 37, 38, 39, 42, 43, 44, 45, 49, 50, 52, 60, 68], "summary": {"covered_lines": 36, "num_statements": 36, "percent_covered": 100.0, "percent_covered_display": "100", "missing_lines": 0, "excluded_lines": 0}, "missing_lines": [], "excluded_lines": []}}}, "src/ai_ticket_platform/core/logger/logger.py": {"executed_lines": [1, 2, 3, 4, 5, 6, 7, 8, 10, 12, 13, 15, 18, 19, 26, 33, 35, 37, 39, 51, 52, 55, 58, 61, 68, 71, 72, 74, 75, 76, 78, 81, 82, 83, 84, 85, 86, 87, 89, 91, 92, 93, 94, 95, 97, 98, 100, 101, 102, 103, 104, 105, 106, 108, 109, 116, 121, 123, 134, 137, 138, 150, 151, 153, 154], "summary": {"covered_lines": 63, "num_statements": 82, "percent_covered": 76.82926829268293, "percent_covered_display": "77", "missing_lines": 19, "excluded_lines": 0}, "missing_lines": [62, 63, 65, 66, 77, 110, 114, 125, 126, 127, 128, 130, 131, 140, 141, 143, 144, 145, 147], "excluded_lines": [], "functions": {"FileUploadFilter.__init__": {"executed_lines": [33, 35, 37], "summary": {"covered_lines": 3, "num_statements": 3, "percent_covered": 100.0, "percent_covered_display": "100", "missing_lines": 0, "excluded_lines": 0}, "missing_lines": [], "excluded_lines": []}, "FileUploadFilter.filter": {"executed_lines": [51, 52, 55, 58, 61, 68], "summary": {"covered_lines": 6, "num_statements": 10, "percent_covered": 60.0, "percent_covered_display": "60", "missing_lines": 4, "excluded_lines": 0}, "missing_lines": [62, 63, 65, 66], "excluded_lines": []}, "ContextAwareQueueHandler.prepare": {"executed_lines": [75, 76, 78], "summary": {"covered_lines": 3, "num_statements": 4, "percent_covered": 75.0, "percent_covered_display": "75", "missing_lines": 1, "excluded_lines": 0}, "missing_lines": [77], "excluded_lines": []}, "Logger.__init__": {"executed_lines": [83, 84, 85, 86, 87, 89], "summary": {"covered_lines": 6, "num_statements": 6, "percent_covered": 100.0, "percent_covered_display": "100", "missing_lines": 0, "excluded_lines": 0}, "missing_lines": [], "excluded_lines": []}, "Logger.__set_up_queue_handler": {"executed_lines": [92, 93, 94, 95, 97, 98], "summary": {"covered_lines": 6, "num_statements": 6, "percent_covered": 100.0, "percent_covered_display": "100", "missing_lines": 0, "excluded_lines": 0}, "missing_lines": [], "excluded_lines": []}, "Logger.__bind_handlers": {"executed_lines": [101, 102, 103, 104, 105, 106], "summary": {"covered_lines": 6, "num_statements": 6, "percent_covered": 100.0, "percent_covered_display": "100", "missing_lines": 0, "excluded_lines": 0}, "missing_lines": [], "excluded_lines": []}, "Logger.__bind_formatter": {"executed_lines": [109, 116, 121], "summary": {"covered_lines": 3, "num_statements": 5, "percent_covered": 60.0, "percent_covered_display": "60", "missing_lines": 2, "excluded_lines": 0}, "missing_lines": [110, 114], "excluded_lines": []}, "Logger.shutdown": {"executed_lines": [], "summary": {"covered_lines": 0, "num_statements": 6, "percent_covered": 0.0, "percent_covered_display": "0", "missing_lines": 6, "excluded_lines": 0}, "missing_lines": [125, 126, 127, 128, 130, 131], "excluded_lines": []}, "add_context_to_log": {"executed_lines": [], "summary": {"covered_lines": 0, "num_statements": 6, "percent_covered": 0.0, "percent_covered_display": "0", "missing_lines": 6, "excluded_lines": 0}, "missing_lines": [140, 141, 143, 144, 145, 147], "excluded_lines": []}, "initialize_logger": {"executed_lines": [151, 153, 154], "summary": {"covered_lines": 3, "num_statements": 3, "percent_covered": 100.0, "percent_covered_display": "100", "missing_lines": 0, "excluded_lines": 0}, "missing_lines": [], "excluded_lines": []}, "": {"executed_lines": [1, 2, 3, 4, 5, 6, 7, 8, 10, 12, 13, 15, 18, 19, 26, 39, 71, 72, 74, 81, 82, 91, 100, 108, 123, 134, 137, 138, 150], "summary": {"covered_lines": 27, "num_statements": 27, "percent_covered": 100.0, "percent_covered_display": "100", "missing_lines": 0, "excluded_lines": 0}, "missing_lines": [], "excluded_lines": []}}, "classes": {"FileUploadFilter": {"executed_lines": [33, 35, 37, 51, 52, 55, 58, 61, 68], "summary": {"covered_lines": 9, "num_statements": 13, "percent_covered": 69.23076923076923, "percent_covered_display": "69", "missing_lines": 4, "excluded_lines": 0}, "missing_lines": [62, 63, 65, 66], "excluded_lines": []}, "ContextAwareQueueHandler": {"executed_lines": [75, 76, 78], "summary": {"covered_lines": 3, "num_statements": 4, "percent_covered": 75.0, "percent_covered_display": "75", "missing_lines": 1, "excluded_lines": 0}, "missing_lines": [77], "excluded_lines": []}, "Logger": {"executed_lines": [83, 84, 85, 86, 87, 89, 92, 93, 94, 95, 97, 98, 101, 102, 103, 104, 105, 106, 109, 116, 121], "summary": {"covered_lines": 21, "num_statements": 29, "percent_covered": 72.41379310344827, "percent_covered_display": "72", "missing_lines": 8, "excluded_lines": 0}, "missing_lines": [110, 114, 125, 126, 127, 128, 130, 131], "excluded_lines": []}, "": {"executed_lines": [1, 2, 3, 4, 5, 6, 7, 8, 10, 12, 13, 15, 18, 19, 26, 39, 71, 72, 74, 81, 82, 91, 100, 108, 123, 134, 137, 138, 150, 151, 153, 154], "summary": {"covered_lines": 30, "num_statements": 36, "percent_covered": 83.33333333333333, "percent_covered_display": "83", "missing_lines": 6, "excluded_lines": 0}, "missing_lines": [140, 141, 143, 144, 145, 147], "excluded_lines": []}}}, "src/ai_ticket_platform/core/settings/__init__.py": {"executed_lines": [1], "summary": {"covered_lines": 1, "num_statements": 1, "percent_covered": 100.0, "percent_covered_display": "100", "missing_lines": 0, "excluded_lines": 0}, "missing_lines": [], "excluded_lines": [], "functions": {"": {"executed_lines": [1], "summary": {"covered_lines": 1, "num_statements": 1, "percent_covered": 100.0, "percent_covered_display": "100", "missing_lines": 0, "excluded_lines": 0}, "missing_lines": [], "excluded_lines": []}}, "classes": {"": {"executed_lines": [1], "summary": {"covered_lines": 1, "num_statements": 1, "percent_covered": 100.0, "percent_covered_display": "100", "missing_lines": 0, "excluded_lines": 0}, "missing_lines": [], "excluded_lines": []}}}, "src/ai_ticket_platform/core/settings/app_settings.py": {"executed_lines": [1, 2, 4, 5, 7, 9, 12, 13, 15, 16, 17, 18, 23, 24, 28, 29, 31, 32, 33, 34, 35, 37, 38, 40, 41, 42, 45, 48, 50, 51, 52, 53, 55, 56, 57, 58], "summary": {"covered_lines": 35, "num_statements": 36, "percent_covered": 97.22222222222223, "percent_covered_display": "97", "missing_lines": 1, "excluded_lines": 0}, "missing_lines": [19], "excluded_lines": [], "functions": {"Settings.__init__": {"executed_lines": [16, 17, 18, 23, 24], "summary": {"covered_lines": 5, "num_statements": 6, "percent_covered": 83.33333333333333, "percent_covered_display": "83", "missing_lines": 1, "excluded_lines": 0}, "missing_lines": [19], "excluded_lines": []}, "Settings.get_settings": {"executed_lines": [29], "summary": {"covered_lines": 1, "num_statements": 1, "percent_covered": 100.0, "percent_covered_display": "100", "missing_lines": 0, "excluded_lines": 0}, "missing_lines": [], "excluded_lines": []}, "Settings._get_resolve_per_environment": {"executed_lines": [32, 33, 34, 35], "summary": {"covered_lines": 4, "num_statements": 4, "percent_covered": 100.0, "percent_covered_display": "100", "missing_lines": 0, "excluded_lines": 0}, "missing_lines": [], "excluded_lines": []}, "Settings._extract_all_variables": {"executed_lines": [38, 40, 41, 42], "summary": {"covered_lines": 4, "num_statements": 4, "percent_covered": 100.0, "percent_covered_display": "100", "missing_lines": 0, "excluded_lines": 0}, "missing_lines": [], "excluded_lines": []}, "initialize_settings": {"executed_lines": [50, 51, 52, 53, 55, 56, 57, 58], "summary": {"covered_lines": 8, "num_statements": 8, "percent_covered": 100.0, "percent_covered_display": "100", "missing_lines": 0, "excluded_lines": 0}, "missing_lines": [], "excluded_lines": []}, "": {"executed_lines": [1, 2, 4, 5, 7, 9, 12, 13, 15, 28, 31, 37, 45, 48], "summary": {"covered_lines": 13, "num_statements": 13, "percent_covered": 100.0, "percent_covered_display": "100", "missing_lines": 0, "excluded_lines": 0}, "missing_lines": [], "excluded_lines": []}}, "classes": {"Settings": {"executed_lines": [16, 17, 18, 23, 24, 29, 32, 33, 34, 35, 38, 40, 41, 42], "summary": {"covered_lines": 14, "num_statements": 15, "percent_covered": 93.33333333333333, "percent_covered_display": "93", "missing_lines": 1, "excluded_lines": 0}, "missing_lines": [19], "excluded_lines": []}, "": {"executed_lines": [1, 2, 4, 5, 7, 9, 12, 13, 15, 28, 31, 37, 45, 48, 50, 51, 52, 53, 55, 56, 57, 58], "summary": {"covered_lines": 21, "num_statements": 21, "percent_covered": 100.0, "percent_covered_display": "100", "missing_lines": 0, "excluded_lines": 0}, "missing_lines": [], "excluded_lines": []}}}, "src/ai_ticket_platform/core/settings/environment/__init__.py": {"executed_lines": [1, 2], "summary": {"covered_lines": 2, "num_statements": 2, "percent_covered": 100.0, "percent_covered_display": "100", "missing_lines": 0, "excluded_lines": 0}, "missing_lines": [], "excluded_lines": [], "functions": {"": {"executed_lines": [1, 2], "summary": {"covered_lines": 2, "num_statements": 2, "percent_covered": 100.0, "percent_covered_display": "100", "missing_lines": 0, "excluded_lines": 0}, "missing_lines": [], "excluded_lines": []}}, "classes": {"": {"executed_lines": [1, 2], "summary": {"covered_lines": 2, "num_statements": 2, "percent_covered": 100.0, "percent_covered_display": "100", "missing_lines": 0, "excluded_lines": 0}, "missing_lines": [], "excluded_lines": []}}}, "src/ai_ticket_platform/core/settings/environment/base.py": {"executed_lines": [1, 2, 3, 5, 8, 9, 10, 12, 13, 14, 16, 20, 22, 23, 24, 25, 26, 28, 29, 30], "summary": {"covered_lines": 15, "num_statements": 15, "percent_covered": 100.0, "percent_covered_display": "100", "missing_lines": 0, "excluded_lines": 7}, "missing_lines": [], "excluded_lines": [9, 10, 11, 12, 13, 14, 15], "functions": {"BaseSettings.extract_all_variables": {"executed_lines": [10], "summary": {"covered_lines": 0, "num_statements": 0, "percent_covered": 100.0, "percent_covered_display": "100", "missing_lines": 0, "excluded_lines": 1}, "missing_lines": [], "excluded_lines": [10]}, "BaseSettings.required_vars": {"executed_lines": [14], "summary": {"covered_lines": 0, "num_statements": 0, "percent_covered": 100.0, "percent_covered_display": "100", "missing_lines": 0, "excluded_lines": 1}, "missing_lines": [], "excluded_lines": [14]}, "BaseSettings._extract_app_logic_variables": {"executed_lines": [20], "summary": {"covered_lines": 1, "num_statements": 1, "percent_covered": 100.0, "percent_covered_display": "100", "missing_lines": 0, "excluded_lines": 0}, "missing_lines": [], "excluded_lines": []}, "BaseSettings.validate_required_vars": {"executed_lines": [23, 24, 25, 26, 28, 29, 30], "summary": {"covered_lines": 7, "num_statements": 7, "percent_covered": 100.0, "percent_covered_display": "100", "missing_lines": 0, "excluded_lines": 0}, "missing_lines": [], "excluded_lines": []}, "": {"executed_lines": [1, 2, 3, 5, 8, 9, 12, 13, 16, 22], "summary": {"covered_lines": 7, "num_statements": 7, "percent_covered": 100.0, "percent_covered_display": "100", "missing_lines": 0, "excluded_lines": 5}, "missing_lines": [], "excluded_lines": [9, 11, 12, 13, 15]}}, "classes": {"BaseSettings": {"executed_lines": [10, 14, 20, 23, 24, 25, 26, 28, 29, 30], "summary": {"covered_lines": 8, "num_statements": 8, "percent_covered": 100.0, "percent_covered_display": "100", "missing_lines": 0, "excluded_lines": 2}, "missing_lines": [], "excluded_lines": [10, 14]}, "": {"executed_lines": [1, 2, 3, 5, 8, 9, 12, 13, 16, 22], "summary": {"covered_lines": 7, "num_statements": 7, "percent_covered": 100.0, "percent_covered_display": "100", "missing_lines": 0, "excluded_lines": 5}, "missing_lines": [], "excluded_lines": [9, 11, 12, 13, 15]}}}, "src/ai_ticket_platform/core/settings/environment/deployment.py": {"executed_lines": [1, 3, 6, 7, 8, 10, 11, 41, 50, 59, 75, 87, 92], "summary": {"covered_lines": 13, "num_statements": 63, "percent_covered": 20.634920634920636, "percent_covered_display": "21", "missing_lines": 50, "excluded_lines": 0}, "missing_lines": [12, 26, 27, 28, 29, 30, 39, 42, 44, 45, 46, 47, 48, 51, 52, 53, 54, 55, 60, 62, 63, 64, 68, 69, 70, 71, 72, 73, 76, 77, 78, 79, 80, 81, 82, 83, 84, 85, 88, 89, 90, 93, 95, 96, 97, 98, 99, 102, 103, 105], "excluded_lines": [], "functions": {"DeploymentSettings.__init__": {"executed_lines": [8], "summary": {"covered_lines": 1, "num_statements": 1, "percent_covered": 100.0, "percent_covered_display": "100", "missing_lines": 0, "excluded_lines": 0}, "missing_lines": [], "excluded_lines": []}, "DeploymentSettings.required_vars": {"executed_lines": [], "summary": {"covered_lines": 0, "num_statements": 7, "percent_covered": 0.0, "percent_covered_display": "0", "missing_lines": 7, "excluded_lines": 0}, "missing_lines": [12, 26, 27, 28, 29, 30, 39], "excluded_lines": []}, "DeploymentSettings.extract_all_variables": {"executed_lines": [], "summary": {"covered_lines": 0, "num_statements": 6, "percent_covered": 0.0, "percent_covered_display": "0", "missing_lines": 6, "excluded_lines": 0}, "missing_lines": [42, 44, 45, 46, 47, 48], "excluded_lines": []}, "DeploymentSettings._extract_llm_variables": {"executed_lines": [], "summary": {"covered_lines": 0, "num_statements": 5, "percent_covered": 0.0, "percent_covered_display": "0", "missing_lines": 5, "excluded_lines": 0}, "missing_lines": [51, 52, 53, 54, 55], "excluded_lines": []}, "DeploymentSettings._extract_secret_manger_databaseb_credentials": {"executed_lines": [], "summary": {"covered_lines": 0, "num_statements": 10, "percent_covered": 0.0, "percent_covered_display": "0", "missing_lines": 10, "excluded_lines": 0}, "missing_lines": [60, 62, 63, 64, 68, 69, 70, 71, 72, 73], "excluded_lines": []}, "DeploymentSettings._extract_database_variables": {"executed_lines": [], "summary": {"covered_lines": 0, "num_statements": 10, "percent_covered": 0.0, "percent_covered_display": "0", "missing_lines": 10, "excluded_lines": 0}, "missing_lines": [76, 77, 78, 79, 80, 81, 82, 83, 84, 85], "excluded_lines": []}, "DeploymentSettings._extract_slack_variables": {"executed_lines": [], "summary": {"covered_lines": 0, "num_statements": 3, "percent_covered": 0.0, "percent_covered_display": "0", "missing_lines": 3, "excluded_lines": 0}, "missing_lines": [88, 89, 90], "excluded_lines": []}, "DeploymentSettings._extract_storage_variables": {"executed_lines": [], "summary": {"covered_lines": 0, "num_statements": 9, "percent_covered": 0.0, "percent_covered_display": "0", "missing_lines": 9, "excluded_lines": 0}, "missing_lines": [93, 95, 96, 97, 98, 99, 102, 103, 105], "excluded_lines": []}, "": {"executed_lines": [1, 3, 6, 7, 10, 11, 41, 50, 59, 75, 87, 92], "summary": {"covered_lines": 12, "num_statements": 12, "percent_covered": 100.0, "percent_covered_display": "100", "missing_lines": 0, "excluded_lines": 0}, "missing_lines": [], "excluded_lines": []}}, "classes": {"DeploymentSettings": {"executed_lines": [8], "summary": {"covered_lines": 1, "num_statements": 51, "percent_covered": 1.9607843137254901, "percent_covered_display": "2", "missing_lines": 50, "excluded_lines": 0}, "missing_lines": [12, 26, 27, 28, 29, 30, 39, 42, 44, 45, 46, 47, 48, 51, 52, 53, 54, 55, 60, 62, 63, 64, 68, 69, 70, 71, 72, 73, 76, 77, 78, 79, 80, 81, 82, 83, 84, 85, 88, 89, 90, 93, 95, 96, 97, 98, 99, 102, 103, 105], "excluded_lines": []}, "": {"executed_lines": [1, 3, 6, 7, 10, 11, 41, 50, 59, 75, 87, 92], "summary": {"covered_lines": 12, "num_statements": 12, "percent_covered": 100.0, "percent_covered_display": "100", "missing_lines": 0, "excluded_lines": 0}, "missing_lines": [], "excluded_lines": []}}}, "src/ai_ticket_platform/core/settings/environment/dev.py": {"executed_lines": [1, 2, 4, 12, 15, 16, 17, 19, 20, 21, 36, 37, 38, 48, 50, 52, 55, 56, 57, 58, 59, 61, 62, 63, 64, 65, 66, 67, 68, 69, 70, 72, 73, 74, 75, 87, 88, 89, 90, 92, 93, 94, 95, 96, 97], "summary": {"covered_lines": 45, "num_statements": 52, "percent_covered": 86.53846153846153, "percent_covered_display": "87", "missing_lines": 7, "excluded_lines": 0}, "missing_lines": [39, 40, 76, 77, 80, 81, 83], "excluded_lines": [], "functions": {"DevSettings.__init__": {"executed_lines": [17], "summary": {"covered_lines": 1, "num_statements": 1, "percent_covered": 100.0, "percent_covered_display": "100", "missing_lines": 0, "excluded_lines": 0}, "missing_lines": [], "excluded_lines": []}, "DevSettings.required_vars": {"executed_lines": [21, 36, 37, 38, 48], "summary": {"covered_lines": 5, "num_statements": 7, "percent_covered": 71.42857142857143, "percent_covered_display": "71", "missing_lines": 2, "excluded_lines": 0}, "missing_lines": [39, 40], "excluded_lines": []}, "DevSettings.extract_all_variables": {"executed_lines": [52, 55, 56, 57, 58, 59], "summary": {"covered_lines": 6, "num_statements": 6, "percent_covered": 100.0, "percent_covered_display": "100", "missing_lines": 0, "excluded_lines": 0}, "missing_lines": [], "excluded_lines": []}, "DevSettings._extract_database_variables": {"executed_lines": [62, 63, 64, 65, 66, 67, 68, 69, 70], "summary": {"covered_lines": 9, "num_statements": 9, "percent_covered": 100.0, "percent_covered_display": "100", "missing_lines": 0, "excluded_lines": 0}, "missing_lines": [], "excluded_lines": []}, "DevSettings._extract_storage_variables": {"executed_lines": [73, 74, 75], "summary": {"covered_lines": 3, "num_statements": 8, "percent_covered": 37.5, "percent_covered_display": "38", "missing_lines": 5, "excluded_lines": 0}, "missing_lines": [76, 77, 80, 81, 83], "excluded_lines": []}, "DevSettings._extract_slack_variables": {"executed_lines": [88, 89, 90], "summary": {"covered_lines": 3, "num_statements": 3, "percent_covered": 100.0, "percent_covered_display": "100", "missing_lines": 0, "excluded_lines": 0}, "missing_lines": [], "excluded_lines": []}, "DevSettings._extract_llm_variables": {"executed_lines": [93, 94, 95, 96, 97], "summary": {"covered_lines": 5, "num_statements": 5, "percent_covered": 100.0, "percent_covered_display": "100", "missing_lines": 0, "excluded_lines": 0}, "missing_lines": [], "excluded_lines": []}, "": {"executed_lines": [1, 2, 4, 12, 15, 16, 19, 20, 50, 61, 72, 87, 92], "summary": {"covered_lines": 13, "num_statements": 13, "percent_covered": 100.0, "percent_covered_display": "100", "missing_lines": 0, "excluded_lines": 0}, "missing_lines": [], "excluded_lines": []}}, "classes": {"DevSettings": {"executed_lines": [17, 21, 36, 37, 38, 48, 52, 55, 56, 57, 58, 59, 62, 63, 64, 65, 66, 67, 68, 69, 70, 73, 74, 75, 88, 89, 90, 93, 94, 95, 96, 97], "summary": {"covered_lines": 32, "num_statements": 39, "percent_covered": 82.05128205128206, "percent_covered_display": "82", "missing_lines": 7, "excluded_lines": 0}, "missing_lines": [39, 40, 76, 77, 80, 81, 83], "excluded_lines": []}, "": {"executed_lines": [1, 2, 4, 12, 15, 16, 19, 20, 50, 61, 72, 87, 92], "summary": {"covered_lines": 13, "num_statements": 13, "percent_covered": 100.0, "percent_covered_display": "100", "missing_lines": 0, "excluded_lines": 0}, "missing_lines": [], "excluded_lines": []}}}, "src/ai_ticket_platform/database/CRUD/__init__.py": {"executed_lines": [0], "summary": {"covered_lines": 0, "num_statements": 0, "percent_covered": 100.0, "percent_covered_display": "100", "missing_lines": 0, "excluded_lines": 0}, "missing_lines": [], "excluded_lines": [], "functions": {"": {"executed_lines": [], "summary": {"covered_lines": 0, "num_statements": 0, "percent_covered": 100.0, "percent_covered_display": "100", "missing_lines": 0, "excluded_lines": 0}, "missing_lines": [], "excluded_lines": []}}, "classes": {"": {"executed_lines": [], "summary": {"covered_lines": 0, "num_statements": 0, "percent_covered": 100.0, "percent_covered_display": "100", "missing_lines": 0, "excluded_lines": 0}, "missing_lines": [], "excluded_lines": []}}}, "src/ai_ticket_platform/database/CRUD/article.py": {"executed_lines": [1, 2, 3, 4, 5, 8, 31, 39, 40, 41, 42, 43, 44, 45, 46, 49, 53, 54, 57, 63, 66, 69, 81, 83, 84, 86, 87, 88, 89, 90, 91, 93, 94, 95, 96, 97, 98, 100, 103, 107, 108, 109, 110, 111, 112, 113, 114, 115, 116, 119, 125, 130, 131, 134, 144, 147, 148, 150, 151, 154, 160, 161, 164, 165, 166, 168], "summary": {"covered_lines": 66, "num_statements": 66, "percent_covered": 100.0, "percent_covered_display": "100", "missing_lines": 0, "excluded_lines": 0}, "missing_lines": [], "excluded_lines": [], "functions": {"create_article": {"executed_lines": [31, 39, 40, 41, 42, 43, 44, 45, 46], "summary": {"covered_lines": 9, "num_statements": 9, "percent_covered": 100.0, "percent_covered_display": "100", "missing_lines": 0, "excluded_lines": 0}, "missing_lines": [], "excluded_lines": []}, "get_article_by_id": {"executed_lines": [53, 54], "summary": {"covered_lines": 2, "num_statements": 2, "percent_covered": 100.0, "percent_covered_display": "100", "missing_lines": 0, "excluded_lines": 0}, "missing_lines": [], "excluded_lines": []}, "get_all_articles": {"executed_lines": [63, 66], "summary": {"covered_lines": 2, "num_statements": 2, "percent_covered": 100.0, "percent_covered_display": "100", "missing_lines": 0, "excluded_lines": 0}, "missing_lines": [], "excluded_lines": []}, "update_article": {"executed_lines": [81, 83, 84, 86, 87, 88, 89, 90, 91, 93, 94, 95, 96, 97, 98, 100], "summary": {"covered_lines": 16, "num_statements": 16, "percent_covered": 100.0, "percent_covered_display": "100", "missing_lines": 0, "excluded_lines": 0}, "missing_lines": [], "excluded_lines": []}, "delete_article": {"executed_lines": [107, 108, 109, 110, 111, 112, 113, 114, 115, 116], "summary": {"covered_lines": 10, "num_statements": 10, "percent_covered": 100.0, "percent_covered_display": "100", "missing_lines": 0, "excluded_lines": 0}, "missing_lines": [], "excluded_lines": []}, "get_articles_by_intent": {"executed_lines": [125, 130, 131], "summary": {"covered_lines": 3, "num_statements": 3, "percent_covered": 100.0, "percent_covered_display": "100", "missing_lines": 0, "excluded_lines": 0}, "missing_lines": [], "excluded_lines": []}, "get_latest_articles_for_intent": {"executed_lines": [144, 147, 148, 150, 151, 154, 160, 161, 164, 165, 166, 168], "summary": {"covered_lines": 12, "num_statements": 12, "percent_covered": 100.0, "percent_covered_display": "100", "missing_lines": 0, "excluded_lines": 0}, "missing_lines": [], "excluded_lines": []}, "": {"executed_lines": [1, 2, 3, 4, 5, 8, 49, 57, 69, 103, 119, 134], "summary": {"covered_lines": 12, "num_statements": 12, "percent_covered": 100.0, "percent_covered_display": "100", "missing_lines": 0, "excluded_lines": 0}, "missing_lines": [], "excluded_lines": []}}, "classes": {"": {"executed_lines": [1, 2, 3, 4, 5, 8, 31, 39, 40, 41, 42, 43, 44, 45, 46, 49, 53, 54, 57, 63, 66, 69, 81, 83, 84, 86, 87, 88, 89, 90, 91, 93, 94, 95, 96, 97, 98, 100, 103, 107, 108, 109, 110, 111, 112, 113, 114, 115, 116, 119, 125, 130, 131, 134, 144, 147, 148, 150, 151, 154, 160, 161, 164, 165, 166, 168], "summary": {"covered_lines": 66, "num_statements": 66, "percent_covered": 100.0, "percent_covered_display": "100", "missing_lines": 0, "excluded_lines": 0}, "missing_lines": [], "excluded_lines": []}}}, "src/ai_ticket_platform/database/CRUD/category.py": {"executed_lines": [1, 2, 3, 4, 5, 6, 8, 11, 15, 18, 21, 27, 32, 35, 41, 46, 49, 56, 57, 58, 59, 60, 61, 63, 64, 65, 66, 67, 68, 69, 70, 71, 72, 73, 76, 88, 92, 93, 94, 95, 97, 100, 101, 103, 104, 105, 134, 138, 139, 142, 148, 151, 154, 162, 164, 165, 167, 168, 170, 171, 172, 173, 174, 175, 177, 180, 184, 185, 186, 187, 188, 189, 190, 191, 192, 193], "summary": {"covered_lines": 76, "num_statements": 96, "percent_covered": 79.16666666666667, "percent_covered_display": "79", "missing_lines": 20, "excluded_lines": 0}, "missing_lines": [108, 109, 110, 111, 112, 113, 114, 115, 116, 117, 118, 121, 122, 123, 124, 127, 128, 129, 130, 131], "excluded_lines": [], "functions": {"get_level_1_categories": {"executed_lines": [15, 18], "summary": {"covered_lines": 2, "num_statements": 2, "percent_covered": 100.0, "percent_covered_display": "100", "missing_lines": 0, "excluded_lines": 0}, "missing_lines": [], "excluded_lines": []}, "get_level_2_categories_by_parent": {"executed_lines": [27, 32], "summary": {"covered_lines": 2, "num_statements": 2, "percent_covered": 100.0, "percent_covered_display": "100", "missing_lines": 0, "excluded_lines": 0}, "missing_lines": [], "excluded_lines": []}, "get_level_3_categories_by_parent": {"executed_lines": [41, 46], "summary": {"covered_lines": 2, "num_statements": 2, "percent_covered": 100.0, "percent_covered_display": "100", "missing_lines": 0, "excluded_lines": 0}, "missing_lines": [], "excluded_lines": []}, "create_category": {"executed_lines": [56, 57, 58, 59, 60, 61, 63, 64, 65, 66, 67, 68, 69, 70, 71, 72, 73], "summary": {"covered_lines": 17, "num_statements": 17, "percent_covered": 100.0, "percent_covered_display": "100", "missing_lines": 0, "excluded_lines": 0}, "missing_lines": [], "excluded_lines": []}, "get_or_create_category": {"executed_lines": [88, 92, 93, 94, 95, 97, 100, 101, 103, 104, 105], "summary": {"covered_lines": 11, "num_statements": 31, "percent_covered": 35.483870967741936, "percent_covered_display": "35", "missing_lines": 20, "excluded_lines": 0}, "missing_lines": [108, 109, 110, 111, 112, 113, 114, 115, 116, 117, 118, 121, 122, 123, 124, 127, 128, 129, 130, 131], "excluded_lines": []}, "get_category_by_id": {"executed_lines": [138, 139], "summary": {"covered_lines": 2, "num_statements": 2, "percent_covered": 100.0, "percent_covered_display": "100", "missing_lines": 0, "excluded_lines": 0}, "missing_lines": [], "excluded_lines": []}, "get_all_categories": {"executed_lines": [148, 151], "summary": {"covered_lines": 2, "num_statements": 2, "percent_covered": 100.0, "percent_covered_display": "100", "missing_lines": 0, "excluded_lines": 0}, "missing_lines": [], "excluded_lines": []}, "update_category": {"executed_lines": [162, 164, 165, 167, 168, 170, 171, 172, 173, 174, 175, 177], "summary": {"covered_lines": 12, "num_statements": 12, "percent_covered": 100.0, "percent_covered_display": "100", "missing_lines": 0, "excluded_lines": 0}, "missing_lines": [], "excluded_lines": []}, "delete_category": {"executed_lines": [184, 185, 186, 187, 188, 189, 190, 191, 192, 193], "summary": {"covered_lines": 10, "num_statements": 10, "percent_covered": 100.0, "percent_covered_display": "100", "missing_lines": 0, "excluded_lines": 0}, "missing_lines": [], "excluded_lines": []}, "": {"executed_lines": [1, 2, 3, 4, 5, 6, 8, 11, 21, 35, 49, 76, 134, 142, 154, 180], "summary": {"covered_lines": 16, "num_statements": 16, "percent_covered": 100.0, "percent_covered_display": "100", "missing_lines": 0, "excluded_lines": 0}, "missing_lines": [], "excluded_lines": []}}, "classes": {"": {"executed_lines": [1, 2, 3, 4, 5, 6, 8, 11, 15, 18, 21, 27, 32, 35, 41, 46, 49, 56, 57, 58, 59, 60, 61, 63, 64, 65, 66, 67, 68, 69, 70, 71, 72, 73, 76, 88, 92, 93, 94, 95, 97, 100, 101, 103, 104, 105, 134, 138, 139, 142, 148, 151, 154, 162, 164, 165, 167, 168, 170, 171, 172, 173, 174, 175, 177, 180, 184, 185, 186, 187, 188, 189, 190, 191, 192, 193], "summary": {"covered_lines": 76, "num_statements": 96, "percent_covered": 79.16666666666667, "percent_covered_display": "79", "missing_lines": 20, "excluded_lines": 0}, "missing_lines": [108, 109, 110, 111, 112, 113, 114, 115, 116, 117, 118, 121, 122, 123, 124, 127, 128, 129, 130, 131], "excluded_lines": []}}}, "src/ai_ticket_platform/database/CRUD/company.py": {"executed_lines": [1, 2, 3, 4, 5, 8, 18, 24, 25, 26, 27, 28, 29, 30, 31, 34, 40, 43, 46, 52, 58, 61, 72, 74, 75, 77, 78, 79, 80, 81, 82, 83, 84, 86, 87, 88, 89, 90, 91, 93, 96, 100, 101, 102, 103, 104, 105, 106, 107, 108, 109], "summary": {"covered_lines": 51, "num_statements": 51, "percent_covered": 100.0, "percent_covered_display": "100", "missing_lines": 0, "excluded_lines": 0}, "missing_lines": [], "excluded_lines": [], "functions": {"create_company_profile": {"executed_lines": [18, 24, 25, 26, 27, 28, 29, 30, 31], "summary": {"covered_lines": 9, "num_statements": 9, "percent_covered": 100.0, "percent_covered_display": "100", "missing_lines": 0, "excluded_lines": 0}, "missing_lines": [], "excluded_lines": []}, "get_company_profile_by_id": {"executed_lines": [40, 43], "summary": {"covered_lines": 2, "num_statements": 2, "percent_covered": 100.0, "percent_covered_display": "100", "missing_lines": 0, "excluded_lines": 0}, "missing_lines": [], "excluded_lines": []}, "get_all_company_profiles": {"executed_lines": [52, 58], "summary": {"covered_lines": 2, "num_statements": 2, "percent_covered": 100.0, "percent_covered_display": "100", "missing_lines": 0, "excluded_lines": 0}, "missing_lines": [], "excluded_lines": []}, "update_company_profile": {"executed_lines": [72, 74, 75, 77, 78, 79, 80, 81, 82, 83, 84, 86, 87, 88, 89, 90, 91, 93], "summary": {"covered_lines": 18, "num_statements": 18, "percent_covered": 100.0, "percent_covered_display": "100", "missing_lines": 0, "excluded_lines": 0}, "missing_lines": [], "excluded_lines": []}, "delete_company_profile": {"executed_lines": [100, 101, 102, 103, 104, 105, 106, 107, 108, 109], "summary": {"covered_lines": 10, "num_statements": 10, "percent_covered": 100.0, "percent_covered_display": "100", "missing_lines": 0, "excluded_lines": 0}, "missing_lines": [], "excluded_lines": []}, "": {"executed_lines": [1, 2, 3, 4, 5, 8, 34, 46, 61, 96], "summary": {"covered_lines": 10, "num_statements": 10, "percent_covered": 100.0, "percent_covered_display": "100", "missing_lines": 0, "excluded_lines": 0}, "missing_lines": [], "excluded_lines": []}}, "classes": {"": {"executed_lines": [1, 2, 3, 4, 5, 8, 18, 24, 25, 26, 27, 28, 29, 30, 31, 34, 40, 43, 46, 52, 58, 61, 72, 74, 75, 77, 78, 79, 80, 81, 82, 83, 84, 86, 87, 88, 89, 90, 91, 93, 96, 100, 101, 102, 103, 104, 105, 106, 107, 108, 109], "summary": {"covered_lines": 51, "num_statements": 51, "percent_covered": 100.0, "percent_covered_display": "100", "missing_lines": 0, "excluded_lines": 0}, "missing_lines": [], "excluded_lines": []}}}, "src/ai_ticket_platform/database/CRUD/company_file.py": {"executed_lines": [1, 2, 3, 4, 7, 13, 18, 19, 20, 21, 24, 30, 31, 34, 40, 41, 44, 48, 49, 50, 51, 52, 53], "summary": {"covered_lines": 23, "num_statements": 23, "percent_covered": 100.0, "percent_covered_display": "100", "missing_lines": 0, "excluded_lines": 0}, "missing_lines": [], "excluded_lines": [], "functions": {"create_company_file": {"executed_lines": [13, 18, 19, 20, 21], "summary": {"covered_lines": 5, "num_statements": 5, "percent_covered": 100.0, "percent_covered_display": "100", "missing_lines": 0, "excluded_lines": 0}, "missing_lines": [], "excluded_lines": []}, "get_company_file_by_id": {"executed_lines": [30, 31], "summary": {"covered_lines": 2, "num_statements": 2, "percent_covered": 100.0, "percent_covered_display": "100", "missing_lines": 0, "excluded_lines": 0}, "missing_lines": [], "excluded_lines": []}, "get_all_company_files": {"executed_lines": [40, 41], "summary": {"covered_lines": 2, "num_statements": 2, "percent_covered": 100.0, "percent_covered_display": "100", "missing_lines": 0, "excluded_lines": 0}, "missing_lines": [], "excluded_lines": []}, "delete_company_file": {"executed_lines": [48, 49, 50, 51, 52, 53], "summary": {"covered_lines": 6, "num_statements": 6, "percent_covered": 100.0, "percent_covered_display": "100", "missing_lines": 0, "excluded_lines": 0}, "missing_lines": [], "excluded_lines": []}, "": {"executed_lines": [1, 2, 3, 4, 7, 24, 34, 44], "summary": {"covered_lines": 8, "num_statements": 8, "percent_covered": 100.0, "percent_covered_display": "100", "missing_lines": 0, "excluded_lines": 0}, "missing_lines": [], "excluded_lines": []}}, "classes": {"": {"executed_lines": [1, 2, 3, 4, 7, 13, 18, 19, 20, 21, 24, 30, 31, 34, 40, 41, 44, 48, 49, 50, 51, 52, 53], "summary": {"covered_lines": 23, "num_statements": 23, "percent_covered": 100.0, "percent_covered_display": "100", "missing_lines": 0, "excluded_lines": 0}, "missing_lines": [], "excluded_lines": []}}}, "src/ai_ticket_platform/database/CRUD/intent.py": {"executed_lines": [2, 3, 4, 5, 6, 7, 8, 9, 11, 14, 23, 29, 30, 33, 44, 45, 53, 54, 55, 57, 60, 61, 62, 63, 64, 67, 85, 89, 90, 91, 94, 95, 96, 104, 105, 106, 107, 110, 111, 112, 113, 114, 117, 118, 122, 123, 124, 125, 126, 129, 135, 136, 138, 141, 144, 147, 155, 165, 166, 169, 170, 172, 177, 181, 183, 196, 199], "summary": {"covered_lines": 67, "num_statements": 67, "percent_covered": 100.0, "percent_covered_display": "100", "missing_lines": 0, "excluded_lines": 0}, "missing_lines": [], "excluded_lines": [], "functions": {"get_intent_by_category_path": {"executed_lines": [23, 29, 30], "summary": {"covered_lines": 3, "num_statements": 3, "percent_covered": 100.0, "percent_covered_display": "100", "missing_lines": 0, "excluded_lines": 0}, "missing_lines": [], "excluded_lines": []}, "create_intent": {"executed_lines": [44, 45, 53, 54, 55, 57, 60, 61, 62, 63, 64], "summary": {"covered_lines": 11, "num_statements": 11, "percent_covered": 100.0, "percent_covered_display": "100", "missing_lines": 0, "excluded_lines": 0}, "missing_lines": [], "excluded_lines": []}, "get_or_create_intent": {"executed_lines": [85, 89, 90, 91, 94, 95, 96, 104, 105, 106, 107, 110, 111, 112, 113, 114, 117, 118, 122, 123, 124, 125, 126], "summary": {"covered_lines": 23, "num_statements": 23, "percent_covered": 100.0, "percent_covered_display": "100", "missing_lines": 0, "excluded_lines": 0}, "missing_lines": [], "excluded_lines": []}, "get_intents_processing_status": {"executed_lines": [135, 136, 138, 141, 144], "summary": {"covered_lines": 5, "num_statements": 5, "percent_covered": 100.0, "percent_covered_display": "100", "missing_lines": 0, "excluded_lines": 0}, "missing_lines": [], "excluded_lines": []}, "get_all_intents_with_categories": {"executed_lines": [155, 165, 166, 169, 170, 172, 177, 181, 183, 196, 199], "summary": {"covered_lines": 11, "num_statements": 11, "percent_covered": 100.0, "percent_covered_display": "100", "missing_lines": 0, "excluded_lines": 0}, "missing_lines": [], "excluded_lines": []}, "": {"executed_lines": [2, 3, 4, 5, 6, 7, 8, 9, 11, 14, 33, 67, 129, 147], "summary": {"covered_lines": 14, "num_statements": 14, "percent_covered": 100.0, "percent_covered_display": "100", "missing_lines": 0, "excluded_lines": 0}, "missing_lines": [], "excluded_lines": []}}, "classes": {"": {"executed_lines": [2, 3, 4, 5, 6, 7, 8, 9, 11, 14, 23, 29, 30, 33, 44, 45, 53, 54, 55, 57, 60, 61, 62, 63, 64, 67, 85, 89, 90, 91, 94, 95, 96, 104, 105, 106, 107, 110, 111, 112, 113, 114, 117, 118, 122, 123, 124, 125, 126, 129, 135, 136, 138, 141, 144, 147, 155, 165, 166, 169, 170, 172, 177, 181, 183, 196, 199], "summary": {"covered_lines": 67, "num_statements": 67, "percent_covered": 100.0, "percent_covered_display": "100", "missing_lines": 0, "excluded_lines": 0}, "missing_lines": [], "excluded_lines": []}}}, "src/ai_ticket_platform/database/CRUD/intents.py": {"executed_lines": [1, 2, 3, 4, 5, 8, 19, 32, 33, 34, 36, 39, 50, 51, 54, 72, 74, 75, 77, 80, 83, 97, 99, 100, 103, 104, 105, 106, 107, 108, 109, 110, 111, 112, 113, 114, 115, 116, 117, 118, 119, 120, 121, 122, 123, 125, 126, 128, 129, 130, 133, 134, 137, 148, 150, 151, 153, 154, 156, 159, 173, 174, 175, 177, 178, 179, 180, 182, 184, 185, 188, 202, 203, 204, 206, 207, 208, 209, 211, 213, 214, 217, 221, 235, 236, 238], "summary": {"covered_lines": 86, "num_statements": 86, "percent_covered": 100.0, "percent_covered_display": "100", "missing_lines": 0, "excluded_lines": 0}, "missing_lines": [], "excluded_lines": [], "functions": {"create_intent": {"executed_lines": [19, 32, 33, 34, 36], "summary": {"covered_lines": 5, "num_statements": 5, "percent_covered": 100.0, "percent_covered_display": "100", "missing_lines": 0, "excluded_lines": 0}, "missing_lines": [], "excluded_lines": []}, "get_intent": {"executed_lines": [50, 51], "summary": {"covered_lines": 2, "num_statements": 2, "percent_covered": 100.0, "percent_covered_display": "100", "missing_lines": 0, "excluded_lines": 0}, "missing_lines": [], "excluded_lines": []}, "list_intents": {"executed_lines": [72, 74, 75, 77, 80], "summary": {"covered_lines": 5, "num_statements": 5, "percent_covered": 100.0, "percent_covered_display": "100", "missing_lines": 0, "excluded_lines": 0}, "missing_lines": [], "excluded_lines": []}, "update_intent": {"executed_lines": [97, 99, 100, 103, 104, 105, 106, 107, 108, 109, 110, 111, 112, 113, 114, 115, 116, 117, 118, 119, 120, 121, 122, 123, 125, 126, 128, 129, 130, 133, 134], "summary": {"covered_lines": 31, "num_statements": 31, "percent_covered": 100.0, "percent_covered_display": "100", "missing_lines": 0, "excluded_lines": 0}, "missing_lines": [], "excluded_lines": []}, "delete_intent": {"executed_lines": [148, 150, 151, 153, 154, 156], "summary": {"covered_lines": 6, "num_statements": 6, "percent_covered": 100.0, "percent_covered_display": "100", "missing_lines": 0, "excluded_lines": 0}, "missing_lines": [], "excluded_lines": []}, "increment_variant_impressions": {"executed_lines": [173, 174, 175, 177, 178, 179, 180, 182, 184, 185], "summary": {"covered_lines": 10, "num_statements": 10, "percent_covered": 100.0, "percent_covered_display": "100", "missing_lines": 0, "excluded_lines": 0}, "missing_lines": [], "excluded_lines": []}, "increment_variant_resolutions": {"executed_lines": [202, 203, 204, 206, 207, 208, 209, 211, 213, 214], "summary": {"covered_lines": 10, "num_statements": 10, "percent_covered": 100.0, "percent_covered_display": "100", "missing_lines": 0, "excluded_lines": 0}, "missing_lines": [], "excluded_lines": []}, "get_ab_testing_totals": {"executed_lines": [221, 235, 236, 238], "summary": {"covered_lines": 4, "num_statements": 4, "percent_covered": 100.0, "percent_covered_display": "100", "missing_lines": 0, "excluded_lines": 0}, "missing_lines": [], "excluded_lines": []}, "": {"executed_lines": [1, 2, 3, 4, 5, 8, 39, 54, 83, 137, 159, 188, 217], "summary": {"covered_lines": 13, "num_statements": 13, "percent_covered": 100.0, "percent_covered_display": "100", "missing_lines": 0, "excluded_lines": 0}, "missing_lines": [], "excluded_lines": []}}, "classes": {"": {"executed_lines": [1, 2, 3, 4, 5, 8, 19, 32, 33, 34, 36, 39, 50, 51, 54, 72, 74, 75, 77, 80, 83, 97, 99, 100, 103, 104, 105, 106, 107, 108, 109, 110, 111, 112, 113, 114, 115, 116, 117, 118, 119, 120, 121, 122, 123, 125, 126, 128, 129, 130, 133, 134, 137, 148, 150, 151, 153, 154, 156, 159, 173, 174, 175, 177, 178, 179, 180, 182, 184, 185, 188, 202, 203, 204, 206, 207, 208, 209, 211, 213, 214, 217, 221, 235, 236, 238], "summary": {"covered_lines": 86, "num_statements": 86, "percent_covered": 100.0, "percent_covered_display": "100", "missing_lines": 0, "excluded_lines": 0}, "missing_lines": [], "excluded_lines": []}}}, "src/ai_ticket_platform/database/CRUD/ticket.py": {"executed_lines": [2, 3, 4, 5, 6, 9, 13, 15, 17, 21, 22, 24, 25, 27, 28, 29, 30, 31, 32, 34, 37, 41, 42, 45, 51, 54, 57, 67, 68, 71, 75, 80, 83, 89, 91, 92, 94, 95, 96, 98, 101, 105, 110], "summary": {"covered_lines": 43, "num_statements": 43, "percent_covered": 100.0, "percent_covered_display": "100", "missing_lines": 0, "excluded_lines": 0}, "missing_lines": [], "excluded_lines": [], "functions": {"create_tickets": {"executed_lines": [13, 15, 17, 21, 22, 24, 25, 27, 28, 29, 30, 31, 32, 34], "summary": {"covered_lines": 14, "num_statements": 14, "percent_covered": 100.0, "percent_covered_display": "100", "missing_lines": 0, "excluded_lines": 0}, "missing_lines": [], "excluded_lines": []}, "get_ticket": {"executed_lines": [41, 42], "summary": {"covered_lines": 2, "num_statements": 2, "percent_covered": 100.0, "percent_covered_display": "100", "missing_lines": 0, "excluded_lines": 0}, "missing_lines": [], "excluded_lines": []}, "list_tickets": {"executed_lines": [51, 54], "summary": {"covered_lines": 2, "num_statements": 2, "percent_covered": 100.0, "percent_covered_display": "100", "missing_lines": 0, "excluded_lines": 0}, "missing_lines": [], "excluded_lines": []}, "count_tickets": {"executed_lines": [67, 68], "summary": {"covered_lines": 2, "num_statements": 2, "percent_covered": 100.0, "percent_covered_display": "100", "missing_lines": 0, "excluded_lines": 0}, "missing_lines": [], "excluded_lines": []}, "list_tickets_by_intent": {"executed_lines": [75, 80], "summary": {"covered_lines": 2, "num_statements": 2, "percent_covered": 100.0, "percent_covered_display": "100", "missing_lines": 0, "excluded_lines": 0}, "missing_lines": [], "excluded_lines": []}, "update_ticket_intent": {"executed_lines": [89, 91, 92, 94, 95, 96, 98], "summary": {"covered_lines": 7, "num_statements": 7, "percent_covered": 100.0, "percent_covered_display": "100", "missing_lines": 0, "excluded_lines": 0}, "missing_lines": [], "excluded_lines": []}, "get_unassigned_tickets": {"executed_lines": [105, 110], "summary": {"covered_lines": 2, "num_statements": 2, "percent_covered": 100.0, "percent_covered_display": "100", "missing_lines": 0, "excluded_lines": 0}, "missing_lines": [], "excluded_lines": []}, "": {"executed_lines": [2, 3, 4, 5, 6, 9, 37, 45, 57, 71, 83, 101], "summary": {"covered_lines": 12, "num_statements": 12, "percent_covered": 100.0, "percent_covered_display": "100", "missing_lines": 0, "excluded_lines": 0}, "missing_lines": [], "excluded_lines": []}}, "classes": {"": {"executed_lines": [2, 3, 4, 5, 6, 9, 13, 15, 17, 21, 22, 24, 25, 27, 28, 29, 30, 31, 32, 34, 37, 41, 42, 45, 51, 54, 57, 67, 68, 71, 75, 80, 83, 89, 91, 92, 94, 95, 96, 98, 101, 105, 110], "summary": {"covered_lines": 43, "num_statements": 43, "percent_covered": 100.0, "percent_covered_display": "100", "missing_lines": 0, "excluded_lines": 0}, "missing_lines": [], "excluded_lines": []}}}, "src/ai_ticket_platform/database/CRUD/user.py": {"executed_lines": [1, 2, 3, 4, 5, 8, 19, 26, 27, 28, 29, 30, 31, 32, 33, 36, 40, 41, 44, 50, 53, 56, 68, 70, 71, 73, 74, 75, 76, 77, 78, 79, 80, 81, 82, 84, 85, 86, 87, 88, 89, 91, 94, 98, 99, 100, 101, 102, 103, 104, 105, 106, 107], "summary": {"covered_lines": 53, "num_statements": 53, "percent_covered": 100.0, "percent_covered_display": "100", "missing_lines": 0, "excluded_lines": 0}, "missing_lines": [], "excluded_lines": [], "functions": {"create_user": {"executed_lines": [19, 26, 27, 28, 29, 30, 31, 32, 33], "summary": {"covered_lines": 9, "num_statements": 9, "percent_covered": 100.0, "percent_covered_display": "100", "missing_lines": 0, "excluded_lines": 0}, "missing_lines": [], "excluded_lines": []}, "get_user_by_id": {"executed_lines": [40, 41], "summary": {"covered_lines": 2, "num_statements": 2, "percent_covered": 100.0, "percent_covered_display": "100", "missing_lines": 0, "excluded_lines": 0}, "missing_lines": [], "excluded_lines": []}, "get_all_users": {"executed_lines": [50, 53], "summary": {"covered_lines": 2, "num_statements": 2, "percent_covered": 100.0, "percent_covered_display": "100", "missing_lines": 0, "excluded_lines": 0}, "missing_lines": [], "excluded_lines": []}, "update_user": {"executed_lines": [68, 70, 71, 73, 74, 75, 76, 77, 78, 79, 80, 81, 82, 84, 85, 86, 87, 88, 89, 91], "summary": {"covered_lines": 20, "num_statements": 20, "percent_covered": 100.0, "percent_covered_display": "100", "missing_lines": 0, "excluded_lines": 0}, "missing_lines": [], "excluded_lines": []}, "delete_user": {"executed_lines": [98, 99, 100, 101, 102, 103, 104, 105, 106, 107], "summary": {"covered_lines": 10, "num_statements": 10, "percent_covered": 100.0, "percent_covered_display": "100", "missing_lines": 0, "excluded_lines": 0}, "missing_lines": [], "excluded_lines": []}, "": {"executed_lines": [1, 2, 3, 4, 5, 8, 36, 44, 56, 94], "summary": {"covered_lines": 10, "num_statements": 10, "percent_covered": 100.0, "percent_covered_display": "100", "missing_lines": 0, "excluded_lines": 0}, "missing_lines": [], "excluded_lines": []}}, "classes": {"": {"executed_lines": [1, 2, 3, 4, 5, 8, 19, 26, 27, 28, 29, 30, 31, 32, 33, 36, 40, 41, 44, 50, 53, 56, 68, 70, 71, 73, 74, 75, 76, 77, 78, 79, 80, 81, 82, 84, 85, 86, 87, 88, 89, 91, 94, 98, 99, 100, 101, 102, 103, 104, 105, 106, 107], "summary": {"covered_lines": 53, "num_statements": 53, "percent_covered": 100.0, "percent_covered_display": "100", "missing_lines": 0, "excluded_lines": 0}, "missing_lines": [], "excluded_lines": []}}}, "src/ai_ticket_platform/database/__init__.py": {"executed_lines": [1, 2, 3], "summary": {"covered_lines": 3, "num_statements": 3, "percent_covered": 100.0, "percent_covered_display": "100", "missing_lines": 0, "excluded_lines": 0}, "missing_lines": [], "excluded_lines": [], "functions": {"": {"executed_lines": [1, 2, 3], "summary": {"covered_lines": 3, "num_statements": 3, "percent_covered": 100.0, "percent_covered_display": "100", "missing_lines": 0, "excluded_lines": 0}, "missing_lines": [], "excluded_lines": []}}, "classes": {"": {"executed_lines": [1, 2, 3], "summary": {"covered_lines": 3, "num_statements": 3, "percent_covered": 100.0, "percent_covered_display": "100", "missing_lines": 0, "excluded_lines": 0}, "missing_lines": [], "excluded_lines": []}}}, "src/ai_ticket_platform/database/generated_models.py": {"executed_lines": [1, 2, 3, 16, 17, 20, 21, 25, 26, 28, 29, 30, 33, 34, 35, 36, 39, 46, 47, 48, 54, 55, 56, 57, 58, 61, 64, 65, 68, 74, 77, 80, 81, 90, 91, 92, 93, 96, 99, 105, 108, 113, 114, 116, 117, 118, 119, 120, 123, 130, 131, 133, 134, 135, 136, 137, 138, 141, 148, 149, 151, 152, 153, 156, 159, 162, 163, 166, 169, 172, 175, 178, 181, 187, 190, 193, 197, 200, 205, 206, 208, 209, 210, 211, 215, 218, 224], "summary": {"covered_lines": 87, "num_statements": 87, "percent_covered": 100.0, "percent_covered_display": "100", "missing_lines": 0, "excluded_lines": 0}, "missing_lines": [], "excluded_lines": [], "functions": {"": {"executed_lines": [1, 2, 3, 16, 17, 20, 21, 25, 26, 28, 29, 30, 33, 34, 35, 36, 39, 46, 47, 48, 54, 55, 56, 57, 58, 61, 64, 65, 68, 74, 77, 80, 81, 90, 91, 92, 93, 96, 99, 105, 108, 113, 114, 116, 117, 118, 119, 120, 123, 130, 131, 133, 134, 135, 136, 137, 138, 141, 148, 149, 151, 152, 153, 156, 159, 162, 163, 166, 169, 172, 175, 178, 181, 187, 190, 193, 197, 200, 205, 206, 208, 209, 210, 211, 215, 218, 224], "summary": {"covered_lines": 87, "num_statements": 87, "percent_covered": 100.0, "percent_covered_display": "100", "missing_lines": 0, "excluded_lines": 0}, "missing_lines": [], "excluded_lines": []}}, "classes": {"Base": {"executed_lines": [], "summary": {"covered_lines": 0, "num_statements": 0, "percent_covered": 100.0, "percent_covered_display": "100", "missing_lines": 0, "excluded_lines": 0}, "missing_lines": [], "excluded_lines": []}, "User": {"executed_lines": [], "summary": {"covered_lines": 0, "num_statements": 0, "percent_covered": 100.0, "percent_covered_display": "100", "missing_lines": 0, "excluded_lines": 0}, "missing_lines": [], "excluded_lines": []}, "Article": {"executed_lines": [], "summary": {"covered_lines": 0, "num_statements": 0, "percent_covered": 100.0, "percent_covered_display": "100", "missing_lines": 0, "excluded_lines": 0}, "missing_lines": [], "excluded_lines": []}, "Category": {"executed_lines": [], "summary": {"covered_lines": 0, "num_statements": 0, "percent_covered": 100.0, "percent_covered_display": "100", "missing_lines": 0, "excluded_lines": 0}, "missing_lines": [], "excluded_lines": []}, "CompanyFile": {"executed_lines": [], "summary": {"covered_lines": 0, "num_statements": 0, "percent_covered": 100.0, "percent_covered_display": "100", "missing_lines": 0, "excluded_lines": 0}, "missing_lines": [], "excluded_lines": []}, "CompanyProfile": {"executed_lines": [], "summary": {"covered_lines": 0, "num_statements": 0, "percent_covered": 100.0, "percent_covered_display": "100", "missing_lines": 0, "excluded_lines": 0}, "missing_lines": [], "excluded_lines": []}, "Intent": {"executed_lines": [], "summary": {"covered_lines": 0, "num_statements": 0, "percent_covered": 100.0, "percent_covered_display": "100", "missing_lines": 0, "excluded_lines": 0}, "missing_lines": [], "excluded_lines": []}, "Ticket": {"executed_lines": [], "summary": {"covered_lines": 0, "num_statements": 0, "percent_covered": 100.0, "percent_covered_display": "100", "missing_lines": 0, "excluded_lines": 0}, "missing_lines": [], "excluded_lines": []}, "": {"executed_lines": [1, 2, 3, 16, 17, 20, 21, 25, 26, 28, 29, 30, 33, 34, 35, 36, 39, 46, 47, 48, 54, 55, 56, 57, 58, 61, 64, 65, 68, 74, 77, 80, 81, 90, 91, 92, 93, 96, 99, 105, 108, 113, 114, 116, 117, 118, 119, 120, 123, 130, 131, 133, 134, 135, 136, 137, 138, 141, 148, 149, 151, 152, 153, 156, 159, 162, 163, 166, 169, 172, 175, 178, 181, 187, 190, 193, 197, 200, 205, 206, 208, 209, 210, 211, 215, 218, 224], "summary": {"covered_lines": 87, "num_statements": 87, "percent_covered": 100.0, "percent_covered_display": "100", "missing_lines": 0, "excluded_lines": 0}, "missing_lines": [], "excluded_lines": []}}}, "src/ai_ticket_platform/database/main.py": {"executed_lines": [2, 3, 4, 6, 8, 11, 14, 16, 17, 26, 28, 29, 30, 37, 46, 49], "summary": {"covered_lines": 16, "num_statements": 16, "percent_covered": 100.0, "percent_covered_display": "100", "missing_lines": 0, "excluded_lines": 0}, "missing_lines": [], "excluded_lines": [], "functions": {"initialize_db_engine": {"executed_lines": [14, 16, 17, 26, 28, 29, 30, 37, 46, 49], "summary": {"covered_lines": 10, "num_statements": 10, "percent_covered": 100.0, "percent_covered_display": "100", "missing_lines": 0, "excluded_lines": 0}, "missing_lines": [], "excluded_lines": []}, "": {"executed_lines": [2, 3, 4, 6, 8, 11], "summary": {"covered_lines": 6, "num_statements": 6, "percent_covered": 100.0, "percent_covered_display": "100", "missing_lines": 0, "excluded_lines": 0}, "missing_lines": [], "excluded_lines": []}}, "classes": {"": {"executed_lines": [2, 3, 4, 6, 8, 11, 14, 16, 17, 26, 28, 29, 30, 37, 46, 49], "summary": {"covered_lines": 16, "num_statements": 16, "percent_covered": 100.0, "percent_covered_display": "100", "missing_lines": 0, "excluded_lines": 0}, "missing_lines": [], "excluded_lines": []}}}, "src/ai_ticket_platform/dependencies/__init__.py": {"executed_lines": [1, 2, 3], "summary": {"covered_lines": 3, "num_statements": 3, "percent_covered": 100.0, "percent_covered_display": "100", "missing_lines": 0, "excluded_lines": 0}, "missing_lines": [], "excluded_lines": [], "functions": {"": {"executed_lines": [1, 2, 3], "summary": {"covered_lines": 3, "num_statements": 3, "percent_covered": 100.0, "percent_covered_display": "100", "missing_lines": 0, "excluded_lines": 0}, "missing_lines": [], "excluded_lines": []}}, "classes": {"": {"executed_lines": [1, 2, 3], "summary": {"covered_lines": 3, "num_statements": 3, "percent_covered": 100.0, "percent_covered_display": "100", "missing_lines": 0, "excluded_lines": 0}, "missing_lines": [], "excluded_lines": []}}}, "src/ai_ticket_platform/dependencies/database.py": {"executed_lines": [1, 2, 7, 8, 9, 10, 11, 13], "summary": {"covered_lines": 8, "num_statements": 8, "percent_covered": 100.0, "percent_covered_display": "100", "missing_lines": 0, "excluded_lines": 0}, "missing_lines": [], "excluded_lines": [], "functions": {"get_db": {"executed_lines": [8, 9, 10, 11, 13], "summary": {"covered_lines": 5, "num_statements": 5, "percent_covered": 100.0, "percent_covered_display": "100", "missing_lines": 0, "excluded_lines": 0}, "missing_lines": [], "excluded_lines": []}, "": {"executed_lines": [1, 2, 7], "summary": {"covered_lines": 3, "num_statements": 3, "percent_covered": 100.0, "percent_covered_display": "100", "missing_lines": 0, "excluded_lines": 0}, "missing_lines": [], "excluded_lines": []}}, "classes": {"": {"executed_lines": [1, 2, 7, 8, 9, 10, 11, 13], "summary": {"covered_lines": 8, "num_statements": 8, "percent_covered": 100.0, "percent_covered_display": "100", "missing_lines": 0, "excluded_lines": 0}, "missing_lines": [], "excluded_lines": []}}}, "src/ai_ticket_platform/dependencies/firebase.py": {"executed_lines": [1, 2, 3, 4, 8, 11, 14, 17, 18, 19, 20, 21, 22, 23, 24, 25, 30, 31, 36, 41, 42, 44, 47], "summary": {"covered_lines": 23, "num_statements": 23, "percent_covered": 100.0, "percent_covered_display": "100", "missing_lines": 0, "excluded_lines": 2}, "missing_lines": [], "excluded_lines": [49, 50], "functions": {"verify_user": {"executed_lines": [14, 44], "summary": {"covered_lines": 2, "num_statements": 2, "percent_covered": 100.0, "percent_covered_display": "100", "missing_lines": 0, "excluded_lines": 0}, "missing_lines": [], "excluded_lines": []}, "verify_user.get_token_dependency": {"executed_lines": [17, 18, 19, 20, 21, 22, 23, 24, 25, 30, 31, 36, 41, 42], "summary": {"covered_lines": 14, "num_statements": 14, "percent_covered": 100.0, "percent_covered_display": "100", "missing_lines": 0, "excluded_lines": 0}, "missing_lines": [], "excluded_lines": []}, "is_user_admin": {"executed_lines": [], "summary": {"covered_lines": 0, "num_statements": 0, "percent_covered": 100.0, "percent_covered_display": "100", "missing_lines": 0, "excluded_lines": 1}, "missing_lines": [], "excluded_lines": [49]}, "": {"executed_lines": [1, 2, 3, 4, 8, 11, 47], "summary": {"covered_lines": 7, "num_statements": 7, "percent_covered": 100.0, "percent_covered_display": "100", "missing_lines": 0, "excluded_lines": 0}, "missing_lines": [], "excluded_lines": []}}, "classes": {"": {"executed_lines": [1, 2, 3, 4, 8, 11, 14, 17, 18, 19, 20, 21, 22, 23, 24, 25, 30, 31, 36, 41, 42, 44, 47], "summary": {"covered_lines": 23, "num_statements": 23, "percent_covered": 100.0, "percent_covered_display": "100", "missing_lines": 0, "excluded_lines": 1}, "missing_lines": [], "excluded_lines": [49]}}}, "src/ai_ticket_platform/dependencies/queue.py": {"executed_lines": [1, 2, 5, 6, 7, 10, 12, 13], "summary": {"covered_lines": 8, "num_statements": 8, "percent_covered": 100.0, "percent_covered_display": "100", "missing_lines": 0, "excluded_lines": 0}, "missing_lines": [], "excluded_lines": [], "functions": {"get_sync_redis_connection": {"executed_lines": [6, 7], "summary": {"covered_lines": 2, "num_statements": 2, "percent_covered": 100.0, "percent_covered_display": "100", "missing_lines": 0, "excluded_lines": 0}, "missing_lines": [], "excluded_lines": []}, "get_queue": {"executed_lines": [12, 13], "summary": {"covered_lines": 2, "num_statements": 2, "percent_covered": 100.0, "percent_covered_display": "100", "missing_lines": 0, "excluded_lines": 0}, "missing_lines": [], "excluded_lines": []}, "": {"executed_lines": [1, 2, 5, 10], "summary": {"covered_lines": 4, "num_statements": 4, "percent_covered": 100.0, "percent_covered_display": "100", "missing_lines": 0, "excluded_lines": 0}, "missing_lines": [], "excluded_lines": []}}, "classes": {"": {"executed_lines": [1, 2, 5, 6, 7, 10, 12, 13], "summary": {"covered_lines": 8, "num_statements": 8, "percent_covered": 100.0, "percent_covered_display": "100", "missing_lines": 0, "excluded_lines": 0}, "missing_lines": [], "excluded_lines": []}}}, "src/ai_ticket_platform/dependencies/settings.py": {"executed_lines": [1, 2, 3, 8, 11, 12, 13, 14], "summary": {"covered_lines": 8, "num_statements": 8, "percent_covered": 100.0, "percent_covered_display": "100", "missing_lines": 0, "excluded_lines": 0}, "missing_lines": [], "excluded_lines": [], "functions": {"get_app_settings": {"executed_lines": [12, 13, 14], "summary": {"covered_lines": 3, "num_statements": 3, "percent_covered": 100.0, "percent_covered_display": "100", "missing_lines": 0, "excluded_lines": 0}, "missing_lines": [], "excluded_lines": []}, "": {"executed_lines": [1, 2, 3, 8, 11], "summary": {"covered_lines": 5, "num_statements": 5, "percent_covered": 100.0, "percent_covered_display": "100", "missing_lines": 0, "excluded_lines": 0}, "missing_lines": [], "excluded_lines": []}}, "classes": {"": {"executed_lines": [1, 2, 3, 8, 11, 12, 13, 14], "summary": {"covered_lines": 8, "num_statements": 8, "percent_covered": 100.0, "percent_covered_display": "100", "missing_lines": 0, "excluded_lines": 0}, "missing_lines": [], "excluded_lines": []}}}, "src/ai_ticket_platform/dependencies/storage.py": {"executed_lines": [1, 2, 3, 9, 11], "summary": {"covered_lines": 5, "num_statements": 5, "percent_covered": 100.0, "percent_covered_display": "100", "missing_lines": 0, "excluded_lines": 0}, "missing_lines": [], "excluded_lines": [], "functions": {"get_storage_service_dependency": {"executed_lines": [11], "summary": {"covered_lines": 1, "num_statements": 1, "percent_covered": 100.0, "percent_covered_display": "100", "missing_lines": 0, "excluded_lines": 0}, "missing_lines": [], "excluded_lines": []}, "": {"executed_lines": [1, 2, 3, 9], "summary": {"covered_lines": 4, "num_statements": 4, "percent_covered": 100.0, "percent_covered_display": "100", "missing_lines": 0, "excluded_lines": 0}, "missing_lines": [], "excluded_lines": []}}, "classes": {"": {"executed_lines": [1, 2, 3, 9, 11], "summary": {"covered_lines": 5, "num_statements": 5, "percent_covered": 100.0, "percent_covered_display": "100", "missing_lines": 0, "excluded_lines": 0}, "missing_lines": [], "excluded_lines": []}}}, "src/ai_ticket_platform/main.py": {"executed_lines": [1, 2, 4, 5, 6, 7, 8, 9, 10, 11, 12, 24, 25, 28, 31, 32, 59, 61, 70, 82, 83, 85, 86, 88], "summary": {"covered_lines": 24, "num_statements": 33, "percent_covered": 72.72727272727273, "percent_covered_display": "73", "missing_lines": 9, "excluded_lines": 0}, "missing_lines": [39, 40, 41, 43, 46, 47, 48, 52, 56], "excluded_lines": [], "functions": {"lifespan": {"executed_lines": [], "summary": {"covered_lines": 0, "num_statements": 9, "percent_covered": 0.0, "percent_c
[...]
ng_lines": 0, "excluded_lines": 0}, "missing_lines": [], "excluded_lines": []}}, "classes": {"": {"executed_lines": [], "summary": {"covered_lines": 0, "num_statements": 0, "percent_covered": 100.0, "percent_covered_display": "100", "missing_lines": 0, "excluded_lines": 0}, "missing_lines": [], "excluded_lines": []}}}, "src/ai_ticket_platform/services/infra/storage/__init__.py": {"executed_lines": [1, 2], "summary": {"covered_lines": 2, "num_statements": 2, "percent_covered": 100.0, "percent_covered_display": "100", "missing_lines": 0, "excluded_lines": 0}, "missing_lines": [], "excluded_lines": [], "functions": {"": {"executed_lines": [1, 2], "summary": {"covered_lines": 2, "num_statements": 2, "percent_covered": 100.0, "percent_covered_display": "100", "missing_lines": 0, "excluded_lines": 0}, "missing_lines": [], "excluded_lines": []}}, "classes": {"": {"executed_lines": [1, 2], "summary": {"covered_lines": 2, "num_statements": 2, "percent_covered": 100.0, "percent_covered_display": "100", "missing_lines": 0, "excluded_lines": 0}, "missing_lines": [], "excluded_lines": []}}}, "src/ai_ticket_platform/services/infra/storage/aws.py": {"executed_lines": [1, 2, 3, 5, 7, 9, 12, 13, 14, 17, 18, 20, 21, 23, 24, 26, 57, 76, 96, 133], "summary": {"covered_lines": 19, "num_statements": 64, "percent_covered": 29.6875, "percent_covered_display": "30", "missing_lines": 45, "excluded_lines": 0}, "missing_lines": [34, 35, 36, 37, 38, 39, 40, 41, 44, 46, 51, 52, 53, 54, 55, 64, 65, 66, 67, 69, 83, 84, 85, 86, 88, 113, 114, 115, 116, 119, 120, 122, 125, 128, 129, 130, 131, 144, 145, 148, 149, 152, 153, 154, 155], "excluded_lines": [], "functions": {"AWSS3Storage.__init__": {"executed_lines": [21, 23, 24], "summary": {"covered_lines": 3, "num_statements": 3, "percent_covered": 100.0, "percent_covered_display": "100", "missing_lines": 0, "excluded_lines": 0}, "missing_lines": [], "excluded_lines": []}, "AWSS3Storage._generate_url": {"executed_lines": [], "summary": {"covered_lines": 0, "num_statements": 15, "percent_covered": 0.0, "percent_covered_display": "0", "missing_lines": 15, "excluded_lines": 0}, "missing_lines": [34, 35, 36, 37, 38, 39, 40, 41, 44, 46, 51, 52, 53, 54, 55], "excluded_lines": []}, "AWSS3Storage.get_presigned_url": {"executed_lines": [], "summary": {"covered_lines": 0, "num_statements": 5, "percent_covered": 0.0, "percent_covered_display": "0", "missing_lines": 5, "excluded_lines": 0}, "missing_lines": [64, 65, 66, 67, 69], "excluded_lines": []}, "AWSS3Storage.put_presigned_url": {"executed_lines": [], "summary": {"covered_lines": 0, "num_statements": 5, "percent_covered": 0.0, "percent_covered_display": "0", "missing_lines": 5, "excluded_lines": 0}, "missing_lines": [83, 84, 85, 86, 88], "excluded_lines": []}, "AWSS3Storage.upload_blob": {"executed_lines": [], "summary": {"covered_lines": 0, "num_statements": 12, "percent_covered": 0.0, "percent_covered_display": "0", "missing_lines": 12, "excluded_lines": 0}, "missing_lines": [113, 114, 115, 116, 119, 120, 122, 125, 128, 129, 130, 131], "excluded_lines": []}, "AWSS3Storage.download_blob": {"executed_lines": [], "summary": {"covered_lines": 0, "num_statements": 8, "percent_covered": 0.0, "percent_covered_display": "0", "missing_lines": 8, "excluded_lines": 0}, "missing_lines": [144, 145, 148, 149, 152, 153, 154, 155], "excluded_lines": []}, "": {"executed_lines": [1, 2, 3, 5, 7, 9, 12, 13, 14, 17, 18, 20, 26, 57, 76, 96, 133], "summary": {"covered_lines": 16, "num_statements": 16, "percent_covered": 100.0, "percent_covered_display": "100", "missing_lines": 0, "excluded_lines": 0}, "missing_lines": [], "excluded_lines": []}}, "classes": {"PresignedUrlActionsType": {"executed_lines": [], "summary": {"covered_lines": 0, "num_statements": 0, "percent_covered": 100.0, "percent_covered_display": "100", "missing_lines": 0, "excluded_lines": 0}, "missing_lines": [], "excluded_lines": []}, "AWSS3Storage": {"executed_lines": [21, 23, 24], "summary": {"covered_lines": 3, "num_statements": 48, "percent_covered": 6.25, "percent_covered_display": "6", "missing_lines": 45, "excluded_lines": 0}, "missing_lines": [34, 35, 36, 37, 38, 39, 40, 41, 44, 46, 51, 52, 53, 54, 55, 64, 65, 66, 67, 69, 83, 84, 85, 86, 88, 113, 114, 115, 116, 119, 120, 122, 125, 128, 129, 130, 131, 144, 145, 148, 149, 152, 153, 154, 155], "excluded_lines": []}, "": {"executed_lines": [1, 2, 3, 5, 7, 9, 12, 13, 14, 17, 18, 20, 26, 57, 76, 96, 133], "summary": {"covered_lines": 16, "num_statements": 16, "percent_covered": 100.0, "percent_covered_display": "100", "missing_lines": 0, "excluded_lines": 0}, "missing_lines": [], "excluded_lines": []}}}, "src/ai_ticket_platform/services/infra/storage/azure.py": {"executed_lines": [1, 2, 3, 4, 5, 7, 8, 10, 12, 15, 16, 17, 20, 21, 23, 33, 78, 97, 117, 153], "summary": {"covered_lines": 19, "num_statements": 68, "percent_covered": 27.941176470588236, "percent_covered_display": "28", "missing_lines": 49, "excluded_lines": 0}, "missing_lines": [24, 28, 29, 30, 31, 41, 42, 43, 44, 47, 48, 49, 53, 54, 56, 58, 60, 70, 72, 73, 74, 75, 76, 87, 88, 90, 106, 107, 109, 134, 135, 138, 139, 140, 144, 145, 148, 149, 150, 151, 164, 165, 168, 169, 170, 173, 174, 175, 176], "excluded_lines": [], "functions": {"AzureBlobStorage.__init__": {"executed_lines": [], "summary": {"covered_lines": 0, "num_statements": 5, "percent_covered": 0.0, "percent_covered_display": "0", "missing_lines": 5, "excluded_lines": 0}, "missing_lines": [24, 28, 29, 30, 31], "excluded_lines": []}, "AzureBlobStorage._generate_url": {"executed_lines": [], "summary": {"covered_lines": 0, "num_statements": 18, "percent_covered": 0.0, "percent_covered_display": "0", "missing_lines": 18, "excluded_lines": 0}, "missing_lines": [41, 42, 43, 44, 47, 48, 49, 53, 54, 56, 58, 60, 70, 72, 73, 74, 75, 76], "excluded_lines": []}, "AzureBlobStorage.get_presigned_url": {"executed_lines": [], "summary": {"covered_lines": 0, "num_statements": 3, "percent_covered": 0.0, "percent_covered_display": "0", "missing_lines": 3, "excluded_lines": 0}, "missing_lines": [87, 88, 90], "excluded_lines": []}, "AzureBlobStorage.put_presigned_url": {"executed_lines": [], "summary": {"covered_lines": 0, "num_statements": 3, "percent_covered": 0.0, "percent_covered_display": "0", "missing_lines": 3, "excluded_lines": 0}, "missing_lines": [106, 107, 109], "excluded_lines": []}, "AzureBlobStorage.upload_blob": {"executed_lines": [], "summary": {"covered_lines": 0, "num_statements": 11, "percent_covered": 0.0, "percent_covered_display": "0", "missing_lines": 11, "excluded_lines": 0}, "missing_lines": [134, 135, 138, 139, 140, 144, 145, 148, 149, 150, 151], "excluded_lines": []}, "AzureBlobStorage.download_blob": {"executed_lines": [], "summary": {"covered_lines": 0, "num_statements": 9, "percent_covered": 0.0, "percent_covered_display": "0", "missing_lines": 9, "excluded_lines": 0}, "missing_lines": [164, 165, 168, 169, 170, 173, 174, 175, 176], "excluded_lines": []}, "": {"executed_lines": [1, 2, 3, 4, 5, 7, 8, 10, 12, 15, 16, 17, 20, 21, 23, 33, 78, 97, 117, 153], "summary": {"covered_lines": 19, "num_statements": 19, "percent_covered": 100.0, "percent_covered_display": "100", "missing_lines": 0, "excluded_lines": 0}, "missing_lines": [], "excluded_lines": []}}, "classes": {"SasUrlActionsType": {"executed_lines": [], "summary": {"covered_lines": 0, "num_statements": 0, "percent_covered": 100.0, "percent_covered_display": "100", "missing_lines": 0, "excluded_lines": 0}, "missing_lines": [], "excluded_lines": []}, "AzureBlobStorage": {"executed_lines": [], "summary": {"covered_lines": 0, "num_statements": 49, "percent_covered": 0.0, "percent_covered_display": "0", "missing_lines": 49, "excluded_lines": 0}, "missing_lines": [24, 28, 29, 30, 31, 41, 42, 43, 44, 47, 48, 49, 53, 54, 56, 58, 60, 70, 72, 73, 74, 75, 76, 87, 88, 90, 106, 107, 109, 134, 135, 138, 139, 140, 144, 145, 148, 149, 150, 151, 164, 165, 168, 169, 170, 173, 174, 175, 176], "excluded_lines": []}, "": {"executed_lines": [1, 2, 3, 4, 5, 7, 8, 10, 12, 15, 16, 17, 20, 21, 23, 33, 78, 97, 117, 153], "summary": {"covered_lines": 19, "num_statements": 19, "percent_covered": 100.0, "percent_covered_display": "100", "missing_lines": 0, "excluded_lines": 0}, "missing_lines": [], "excluded_lines": []}}}, "src/ai_ticket_platform/services/infra/storage/storage.py": {"executed_lines": [1, 2, 3, 4, 6, 9, 10, 15, 16, 26, 27, 37, 38, 53, 62, 63, 65, 67, 68, 69, 70, 71, 72, 74, 75, 76, 77, 78], "summary": {"covered_lines": 27, "num_statements": 30, "percent_covered": 90.0, "percent_covered_display": "90", "missing_lines": 3, "excluded_lines": 0}, "missing_lines": [24, 35, 50], "excluded_lines": [], "functions": {"StorageService.get_presigned_url": {"executed_lines": [], "summary": {"covered_lines": 0, "num_statements": 1, "percent_covered": 0.0, "percent_covered_display": "0", "missing_lines": 1, "excluded_lines": 0}, "missing_lines": [24], "excluded_lines": []}, "StorageService.put_presigned_url": {"executed_lines": [], "summary": {"covered_lines": 0, "num_statements": 1, "percent_covered": 0.0, "percent_covered_display": "0", "missing_lines": 1, "excluded_lines": 0}, "missing_lines": [35], "excluded_lines": []}, "StorageService.upload_blob": {"executed_lines": [], "summary": {"covered_lines": 0, "num_statements": 1, "percent_covered": 0.0, "percent_covered_display": "0", "missing_lines": 1, "excluded_lines": 0}, "missing_lines": [50], "excluded_lines": []}, "get_storage_service": {"executed_lines": [62, 63, 65, 67, 68, 69, 70, 71, 72, 74, 75, 76, 77, 78], "summary": {"covered_lines": 14, "num_statements": 14, "percent_covered": 100.0, "percent_covered_display": "100", "missing_lines": 0, "excluded_lines": 0}, "missing_lines": [], "excluded_lines": []}, "": {"executed_lines": [1, 2, 3, 4, 6, 9, 10, 15, 16, 26, 27, 37, 38, 53], "summary": {"covered_lines": 13, "num_statements": 13, "percent_covered": 100.0, "percent_covered_display": "100", "missing_lines": 0, "excluded_lines": 0}, "missing_lines": [], "excluded_lines": []}}, "classes": {"StorageService": {"executed_lines": [], "summary": {"covered_lines": 0, "num_statements": 3, "percent_covered": 0.0, "percent_covered_display": "0", "missing_lines": 3, "excluded_lines": 0}, "missing_lines": [24, 35, 50], "excluded_lines": []}, "": {"executed_lines": [1, 2, 3, 4, 6, 9, 10, 15, 16, 26, 27, 37, 38, 53, 62, 63, 65, 67, 68, 69, 70, 71, 72, 74, 75, 76, 77, 78], "summary": {"covered_lines": 27, "num_statements": 27, "percent_covered": 100.0, "percent_covered_display": "100", "missing_lines": 0, "excluded_lines": 0}, "missing_lines": [], "excluded_lines": []}}}, "src/ai_ticket_platform/services/queue_manager/__init__.py": {"executed_lines": [0], "summary": {"covered_lines": 0, "num_statements": 0, "percent_covered": 100.0, "percent_covered_display": "100", "missing_lines": 0, "excluded_lines": 0}, "missing_lines": [], "excluded_lines": [], "functions": {"": {"executed_lines": [], "summary": {"covered_lines": 0, "num_statements": 0, "percent_covered": 100.0, "percent_covered_display": "100", "missing_lines": 0, "excluded_lines": 0}, "missing_lines": [], "excluded_lines": []}}, "classes": {"": {"executed_lines": [], "summary": {"covered_lines": 0, "num_statements": 0, "percent_covered": 100.0, "percent_covered_display": "100", "missing_lines": 0, "excluded_lines": 0}, "missing_lines": [], "excluded_lines": []}}}, "src/ai_ticket_platform/services/queue_manager/async_helper.py": {"executed_lines": [1, 7, 8, 9, 10, 12, 15, 18, 39, 47, 50, 67], "summary": {"covered_lines": 11, "num_statements": 33, "percent_covered": 33.333333333333336, "percent_covered_display": "33", "missing_lines": 22, "excluded_lines": 0}, "missing_lines": [20, 21, 23, 25, 26, 27, 30, 31, 33, 34, 35, 36, 41, 42, 43, 56, 61, 62, 63, 64, 73, 74], "excluded_lines": [], "functions": {"_cleanup_event_loop": {"executed_lines": [], "summary": {"covered_lines": 0, "num_statements": 12, "percent_covered": 0.0, "percent_covered_display": "0", "missing_lines": 12, "excluded_lines": 0}, "missing_lines": [20, 21, 23, 25, 26, 27, 30, 31, 33, 34, 35, 36], "excluded_lines": []}, "_cleanup_on_exit": {"executed_lines": [], "summary": {"covered_lines": 0, "num_statements": 3, "percent_covered": 0.0, "percent_covered_display": "0", "missing_lines": 3, "excluded_lines": 0}, "missing_lines": [41, 42, 43], "excluded_lines": []}, "_get_or_create_event_loop": {"executed_lines": [], "summary": {"covered_lines": 0, "num_statements": 5, "percent_covered": 0.0, "percent_covered_display": "0", "missing_lines": 5, "excluded_lines": 0}, "missing_lines": [56, 61, 62, 63, 64], "excluded_lines": []}, "_run_async": {"executed_lines": [], "summary": {"covered_lines": 0, "num_statements": 2, "percent_covered": 0.0, "percent_covered_display": "0", "missing_lines": 2, "excluded_lines": 0}, "missing_lines": [73, 74], "excluded_lines": []}, "": {"executed_lines": [1, 7, 8, 9, 10, 12, 15, 18, 39, 47, 50, 67], "summary": {"covered_lines": 11, "num_statements": 11, "percent_covered": 100.0, "percent_covered_display": "100", "missing_lines": 0, "excluded_lines": 0}, "missing_lines": [], "excluded_lines": []}}, "classes": {"": {"executed_lines": [1, 7, 8, 9, 10, 12, 15, 18, 39, 47, 50, 67], "summary": {"covered_lines": 11, "num_statements": 33, "percent_covered": 33.333333333333336, "percent_covered_display": "33", "missing_lines": 22, "excluded_lines": 0}, "missing_lines": [20, 21, 23, 25, 26, 27, 30, 31, 33, 34, 35, 36, 41, 42, 43, 56, 61, 62, 63, 64, 73, 74], "excluded_lines": []}}}, "src/ai_ticket_platform/services/queue_manager/service_adapters.py": {"executed_lines": [1, 2, 4, 5, 6, 7, 8, 11, 13, 16, 54, 146], "summary": {"covered_lines": 12, "num_statements": 82, "percent_covered": 14.634146341463415, "percent_covered_display": "15", "missing_lines": 70, "excluded_lines": 0}, "missing_lines": [21, 22, 25, 26, 27, 28, 31, 32, 33, 34, 35, 36, 37, 39, 42, 50, 51, 63, 64, 65, 67, 68, 73, 75, 76, 78, 79, 84, 89, 90, 92, 94, 98, 99, 100, 101, 102, 105, 106, 107, 108, 110, 112, 113, 115, 116, 120, 123, 124, 125, 126, 127, 128, 129, 130, 131, 133, 136, 138, 140, 143, 151, 152, 153, 155, 156, 160, 165, 166, 170], "excluded_lines": [], "functions": {"save_tickets": {"executed_lines": [], "summary": {"covered_lines": 0, "num_statements": 11, "percent_covered": 0.0, "percent_covered_display": "0", "missing_lines": 11, "excluded_lines": 0}, "missing_lines": [21, 22, 25, 26, 27, 28, 31, 39, 42, 50, 51], "excluded_lines": []}, "save_tickets.create_in_db": {"executed_lines": [], "summary": {"covered_lines": 0, "num_statements": 6, "percent_covered": 0.0, "percent_covered_display": "0", "missing_lines": 6, "excluded_lines": 0}, "missing_lines": [32, 33, 34, 35, 36, 37], "excluded_lines": []}, "cluster_ticket": {"executed_lines": [], "summary": {"covered_lines": 0, "num_statements": 37, "percent_covered": 0.0, "percent_covered_display": "0", "missing_lines": 37, "excluded_lines": 0}, "missing_lines": [63, 64, 65, 67, 68, 73, 75, 94, 98, 99, 100, 101, 102, 105, 106, 107, 108, 110, 112, 113, 115, 116, 120, 123, 124, 125, 126, 127, 128, 129, 130, 131, 133, 136, 138, 140, 143], "excluded_lines": []}, "cluster_ticket.run_clustering": {"executed_lines": [], "summary": {"covered_lines": 0, "num_statements": 7, "percent_covered": 0.0, "percent_covered_display": "0", "missing_lines": 7, "excluded_lines": 0}, "missing_lines": [76, 78, 79, 84, 89, 90, 92], "excluded_lines": []}, "generate_content": {"executed_lines": [], "summary": {"covered_lines": 0, "num_statements": 9, "percent_covered": 0.0, "percent_covered_display": "0", "missing_lines": 9, "excluded_lines": 0}, "missing_lines": [151, 152, 153, 155, 156, 160, 165, 166, 170], "excluded_lines": []}, "": {"executed_lines": [1, 2, 4, 5, 6, 7, 8, 11, 13, 16, 54, 146], "summary": {"covered_lines": 12, "num_statements": 12, "percent_covered": 100.0, "percent_covered_display": "100", "missing_lines": 0, "excluded_lines": 0}, "missing_lines": [], "excluded_lines": []}}, "classes": {"": {"executed_lines": [1, 2, 4, 5, 6, 7, 8, 11, 13, 16, 54, 146], "summary": {"covered_lines": 12, "num_statements": 82, "percent_covered": 14.634146341463415, "percent_covered_display": "15", "missing_lines": 70, "excluded_lines": 0}, "missing_lines": [21, 22, 25, 26, 27, 28, 31, 32, 33, 34, 35, 36, 37, 39, 42, 50, 51, 63, 64, 65, 67, 68, 73, 75, 76, 78, 79, 84, 89, 90, 92, 94, 98, 99, 100, 101, 102, 105, 106, 107, 108, 110, 112, 113, 115, 116, 120, 123, 124, 125, 126, 127, 128, 129, 130, 131, 133, 136, 138, 140, 143, 151, 152, 153, 155, 156, 160, 165, 166, 170], "excluded_lines": []}}}, "src/ai_ticket_platform/services/queue_manager/tasks.py": {"executed_lines": [1, 2, 3, 5, 6, 7, 8, 13, 14, 15, 16, 19, 22, 23, 24, 27, 80, 96], "summary": {"covered_lines": 18, "num_statements": 112, "percent_covered": 16.071428571428573, "percent_covered_display": "16", "missing_lines": 94, "excluded_lines": 0}, "missing_lines": [29, 31, 33, 35, 36, 37, 38, 39, 40, 41, 43, 44, 47, 49, 50, 51, 53, 56, 57, 60, 61, 62, 63, 64, 66, 67, 69, 70, 74, 77, 82, 83, 84, 86, 87, 88, 89, 90, 91, 92, 93, 98, 103, 108, 109, 113, 115, 116, 118, 121, 124, 132, 136, 142, 147, 148, 149, 150, 152, 155, 158, 160, 165, 166, 167, 169, 170, 172, 173, 175, 176, 177, 178, 179, 180, 182, 187, 188, 196, 198, 199, 200, 202, 205, 213, 214, 220, 223, 224, 225, 231, 232, 236, 238], "excluded_lines": [], "functions": {"process_ticket_stage1": {"executed_lines": [], "summary": {"covered_lines": 0, "num_statements": 30, "percent_covered": 0.0, "percent_covered_display": "0", "missing_lines": 30, "excluded_lines": 0}, "missing_lines": [29, 31, 33, 35, 36, 37, 38, 39, 40, 41, 43, 44, 47, 49, 50, 51, 53, 56, 57, 60, 61, 62, 63, 64, 66, 67, 69, 70, 74, 77], "excluded_lines": []}, "process_ticket_stage2": {"executed_lines": [], "summary": {"covered_lines": 0, "num_statements": 11, "percent_covered": 0.0, "percent_covered_display": "0", "missing_lines": 11, "excluded_lines": 0}, "missing_lines": [82, 83, 84, 86, 87, 88, 89, 90, 91, 92, 93], "excluded_lines": []}, "batch_finalizer": {"executed_lines": [], "summary": {"covered_lines": 0, "num_statements": 51, "percent_covered": 0.0, "percent_covered_display": "0", "missing_lines": 51, "excluded_lines": 0}, "missing_lines": [98, 103, 108, 109, 113, 115, 116, 118, 121, 124, 132, 136, 142, 147, 148, 149, 150, 152, 155, 158, 160, 165, 166, 167, 169, 170, 172, 173, 175, 176, 177, 178, 179, 180, 182, 187, 188, 196, 198, 202, 205, 213, 214, 220, 223, 224, 225, 231, 232, 236, 238], "excluded_lines": []}, "batch_finalizer.get_status": {"executed_lines": [], "summary": {"covered_lines": 0, "num_statements": 2, "percent_covered": 0.0, "percent_covered_display": "0", "missing_lines": 2, "excluded_lines": 0}, "missing_lines": [199, 200], "excluded_lines": []}, "": {"executed_lines": [1, 2, 3, 5, 6, 7, 8, 13, 14, 15, 16, 19, 22, 23, 24, 27, 80, 96], "summary": {"covered_lines": 18, "num_statements": 18, "percent_covered": 100.0, "percent_covered_display": "100", "missing_lines": 0, "excluded_lines": 0}, "missing_lines": [], "excluded_lines": []}}, "classes": {"": {"executed_lines": [1, 2, 3, 5, 6, 7, 8, 13, 14, 15, 16, 19, 22, 23, 24, 27, 80, 96], "summary": {"covered_lines": 18, "num_statements": 112, "percent_covered": 16.071428571428573, "percent_covered_display": "16", "missing_lines": 94, "excluded_lines": 0}, "missing_lines": [29, 31, 33, 35, 36, 37, 38, 39, 40, 41, 43, 44, 47, 49, 50, 51, 53, 56, 57, 60, 61, 62, 63, 64, 66, 67, 69, 70, 74, 77, 82, 83, 84, 86, 87, 88, 89, 90, 91, 92, 93, 98, 103, 108, 109, 113, 115, 116, 118, 121, 124, 132, 136, 142, 147, 148, 149, 150, 152, 155, 158, 160, 165, 166, 167, 169, 170, 172, 173, 175, 176, 177, 178, 179, 180, 182, 187, 188, 196, 198, 199, 200, 202, 205, 213, 214, 220, 223, 224, 225, 231, 232, 236, 238], "excluded_lines": []}}}}, "totals": {"covered_lines": 2017, "num_statements": 3053, "percent_covered": 66.06616442843105, "percent_covered_display": "66", "missing_lines": 1036, "excluded_lines": 9}}